<?xml version="1.0" encoding="UTF-8"?>
<testng-results ignored="0" total="276" passed="229" failed="47" skipped="0">
  <reporter-output>
  </reporter-output>
  <suite started-at="2026-09-12T13:26:22 IST" name="HexaClothes Test Suite" finished-at="2026-09-12T13:40:41 IST" duration-ms="859051">
    <groups>
    </groups>
    <test started-at="2026-09-12T13:26:22 IST" name="HexaClothes Tests" finished-at="2026-09-12T13:40:41 IST" duration-ms="859051">
      <class name="Checkout.CheckoutGeneralTest">
        <test-method is-config="true" signature="setUp()[pri:0, instance:Checkout.CheckoutGeneralTest@3738449f]" started-at="2026-09-12T13:37:57 IST" name="setUp" finished-at="2026-09-12T13:37:59 IST" duration-ms="1731" status="PASS">
          <reporter-output>
          </reporter-output>
        </test-method> <!-- setUp -->
        <test-method is-config="true" signature="resetTestState()[pri:0, instance:Checkout.CheckoutGeneralTest@3738449f]" started-at="2026-09-12T13:37:59 IST" name="resetTestState" finished-at="2026-09-12T13:38:01 IST" duration-ms="1942" status="PASS">
          <reporter-output>
          </reporter-output>
        </test-method> <!-- resetTestState -->
        <test-method signature="verifyOrderSummaryDisplayed()[pri:1, instance:Checkout.CheckoutGeneralTest@3738449f]" started-at="2026-09-12T13:38:01 IST" name="verifyOrderSummaryDisplayed" finished-at="2026-09-12T13:38:04 IST" duration-ms="2722" status="PASS">
          <reporter-output>
          </reporter-output>
        </test-method> <!-- verifyOrderSummaryDisplayed -->
        <test-method is-config="true" signature="resetTestState()[pri:0, instance:Checkout.CheckoutGeneralTest@3738449f]" started-at="2026-09-12T13:38:04 IST" name="resetTestState" finished-at="2026-09-12T13:38:04 IST" duration-ms="495" status="PASS">
          <reporter-output>
          </reporter-output>
        </test-method> <!-- resetTestState -->
        <test-method signature="verifyProductNameDisplayed()[pri:2, instance:Checkout.CheckoutGeneralTest@3738449f]" started-at="2026-09-12T13:38:04 IST" name="verifyProductNameDisplayed" finished-at="2026-09-12T13:38:07 IST" duration-ms="2699" status="PASS">
          <reporter-output>
          </reporter-output>
        </test-method> <!-- verifyProductNameDisplayed -->
        <test-method is-config="true" signature="resetTestState()[pri:0, instance:Checkout.CheckoutGeneralTest@3738449f]" started-at="2026-09-12T13:38:07 IST" name="resetTestState" finished-at="2026-09-12T13:38:07 IST" duration-ms="508" status="PASS">
          <reporter-output>
          </reporter-output>
        </test-method> <!-- resetTestState -->
        <test-method signature="verifyProductPriceDisplayed()[pri:3, instance:Checkout.CheckoutGeneralTest@3738449f]" started-at="2026-09-12T13:38:07 IST" name="verifyProductPriceDisplayed" finished-at="2026-09-12T13:38:10 IST" duration-ms="2698" status="PASS">
          <reporter-output>
          </reporter-output>
        </test-method> <!-- verifyProductPriceDisplayed -->
        <test-method is-config="true" signature="resetTestState()[pri:0, instance:Checkout.CheckoutGeneralTest@3738449f]" started-at="2026-09-12T13:38:10 IST" name="resetTestState" finished-at="2026-09-12T13:38:10 IST" duration-ms="474" status="PASS">
          <reporter-output>
          </reporter-output>
        </test-method> <!-- resetTestState -->
        <test-method signature="verifyShippingInformationDisplayed()[pri:4, instance:Checkout.CheckoutGeneralTest@3738449f]" started-at="2026-09-12T13:38:10 IST" name="verifyShippingInformationDisplayed" finished-at="2026-09-12T13:38:13 IST" duration-ms="2652" status="PASS">
          <reporter-output>
          </reporter-output>
        </test-method> <!-- verifyShippingInformationDisplayed -->
        <test-method is-config="true" signature="resetTestState()[pri:0, instance:Checkout.CheckoutGeneralTest@3738449f]" started-at="2026-09-12T13:38:13 IST" name="resetTestState" finished-at="2026-09-12T13:38:15 IST" duration-ms="1524" status="PASS">
          <reporter-output>
          </reporter-output>
        </test-method> <!-- resetTestState -->
        <test-method signature="verifyFirstNameField()[pri:5, instance:Checkout.CheckoutGeneralTest@3738449f]" started-at="2026-09-12T13:38:15 IST" name="verifyFirstNameField" finished-at="2026-09-12T13:38:17 IST" duration-ms="2609" status="PASS">
          <reporter-output>
          </reporter-output>
        </test-method> <!-- verifyFirstNameField -->
        <test-method is-config="true" signature="resetTestState()[pri:0, instance:Checkout.CheckoutGeneralTest@3738449f]" started-at="2026-09-12T13:38:17 IST" name="resetTestState" finished-at="2026-09-12T13:38:18 IST" duration-ms="697" status="PASS">
          <reporter-output>
          </reporter-output>
        </test-method> <!-- resetTestState -->
        <test-method signature="verifyLastNameField()[pri:6, instance:Checkout.CheckoutGeneralTest@3738449f]" started-at="2026-09-12T13:38:18 IST" name="verifyLastNameField" finished-at="2026-09-12T13:38:21 IST" duration-ms="2625" status="PASS">
          <reporter-output>
          </reporter-output>
        </test-method> <!-- verifyLastNameField -->
        <test-method is-config="true" signature="resetTestState()[pri:0, instance:Checkout.CheckoutGeneralTest@3738449f]" started-at="2026-09-12T13:38:21 IST" name="resetTestState" finished-at="2026-09-12T13:38:21 IST" duration-ms="687" status="PASS">
          <reporter-output>
          </reporter-output>
        </test-method> <!-- resetTestState -->
        <test-method signature="verifyEmailField()[pri:7, instance:Checkout.CheckoutGeneralTest@3738449f]" started-at="2026-09-12T13:38:21 IST" name="verifyEmailField" finished-at="2026-09-12T13:38:24 IST" duration-ms="2698" status="PASS">
          <reporter-output>
          </reporter-output>
        </test-method> <!-- verifyEmailField -->
        <test-method is-config="true" signature="resetTestState()[pri:0, instance:Checkout.CheckoutGeneralTest@3738449f]" started-at="2026-09-12T13:38:24 IST" name="resetTestState" finished-at="2026-09-12T13:38:24 IST" duration-ms="479" status="PASS">
          <reporter-output>
          </reporter-output>
        </test-method> <!-- resetTestState -->
        <test-method signature="verifyAddressField()[pri:8, instance:Checkout.CheckoutGeneralTest@3738449f]" started-at="2026-09-12T13:38:24 IST" name="verifyAddressField" finished-at="2026-09-12T13:38:27 IST" duration-ms="2738" status="PASS">
          <reporter-output>
          </reporter-output>
        </test-method> <!-- verifyAddressField -->
        <test-method is-config="true" signature="resetTestState()[pri:0, instance:Checkout.CheckoutGeneralTest@3738449f]" started-at="2026-09-12T13:38:27 IST" name="resetTestState" finished-at="2026-09-12T13:38:28 IST" duration-ms="490" status="PASS">
          <reporter-output>
          </reporter-output>
        </test-method> <!-- resetTestState -->
        <test-method signature="verifyCityField()[pri:9, instance:Checkout.CheckoutGeneralTest@3738449f]" started-at="2026-09-12T13:38:28 IST" name="verifyCityField" finished-at="2026-09-12T13:38:30 IST" duration-ms="2734" status="PASS">
          <reporter-output>
          </reporter-output>
        </test-method> <!-- verifyCityField -->
        <test-method is-config="true" signature="resetTestState()[pri:0, instance:Checkout.CheckoutGeneralTest@3738449f]" started-at="2026-09-12T13:38:30 IST" name="resetTestState" finished-at="2026-09-12T13:38:31 IST" duration-ms="502" status="PASS">
          <reporter-output>
          </reporter-output>
        </test-method> <!-- resetTestState -->
        <test-method signature="verifyPostalCodeField()[pri:10, instance:Checkout.CheckoutGeneralTest@3738449f]" started-at="2026-09-12T13:38:31 IST" name="verifyPostalCodeField" finished-at="2026-09-12T13:38:34 IST" duration-ms="2696" status="PASS">
          <reporter-output>
          </reporter-output>
        </test-method> <!-- verifyPostalCodeField -->
        <test-method is-config="true" signature="resetTestState()[pri:0, instance:Checkout.CheckoutGeneralTest@3738449f]" started-at="2026-09-12T13:38:34 IST" name="resetTestState" finished-at="2026-09-12T13:38:34 IST" duration-ms="504" status="PASS">
          <reporter-output>
          </reporter-output>
        </test-method> <!-- resetTestState -->
        <test-method signature="verifyCountryDropdown()[pri:11, instance:Checkout.CheckoutGeneralTest@3738449f]" started-at="2026-09-12T13:38:34 IST" name="verifyCountryDropdown" finished-at="2026-09-12T13:38:37 IST" duration-ms="2736" status="PASS">
          <reporter-output>
          </reporter-output>
        </test-method> <!-- verifyCountryDropdown -->
        <test-method is-config="true" signature="resetTestState()[pri:0, instance:Checkout.CheckoutGeneralTest@3738449f]" started-at="2026-09-12T13:38:37 IST" name="resetTestState" finished-at="2026-09-12T13:38:37 IST" duration-ms="481" status="PASS">
          <reporter-output>
          </reporter-output>
        </test-method> <!-- resetTestState -->
        <test-method signature="verifyPaymentInformation()[pri:12, instance:Checkout.CheckoutGeneralTest@3738449f]" started-at="2026-09-12T13:38:37 IST" name="verifyPaymentInformation" finished-at="2026-09-12T13:38:40 IST" duration-ms="2715" status="PASS">
          <reporter-output>
          </reporter-output>
        </test-method> <!-- verifyPaymentInformation -->
        <test-method is-config="true" signature="resetTestState()[pri:0, instance:Checkout.CheckoutGeneralTest@3738449f]" started-at="2026-09-12T13:38:40 IST" name="resetTestState" finished-at="2026-09-12T13:38:41 IST" duration-ms="528" status="PASS">
          <reporter-output>
          </reporter-output>
        </test-method> <!-- resetTestState -->
        <test-method signature="verifyCardNumberField()[pri:13, instance:Checkout.CheckoutGeneralTest@3738449f]" started-at="2026-09-12T13:38:41 IST" name="verifyCardNumberField" finished-at="2026-09-12T13:38:43 IST" duration-ms="2756" status="PASS">
          <reporter-output>
          </reporter-output>
        </test-method> <!-- verifyCardNumberField -->
        <test-method is-config="true" signature="resetTestState()[pri:0, instance:Checkout.CheckoutGeneralTest@3738449f]" started-at="2026-09-12T13:38:43 IST" name="resetTestState" finished-at="2026-09-12T13:38:44 IST" duration-ms="512" status="PASS">
          <reporter-output>
          </reporter-output>
        </test-method> <!-- resetTestState -->
        <test-method signature="verifyCardHolderNameField()[pri:14, instance:Checkout.CheckoutGeneralTest@3738449f]" started-at="2026-09-12T13:38:44 IST" name="verifyCardHolderNameField" finished-at="2026-09-12T13:38:47 IST" duration-ms="2729" status="PASS">
          <reporter-output>
          </reporter-output>
        </test-method> <!-- verifyCardHolderNameField -->
        <test-method is-config="true" signature="resetTestState()[pri:0, instance:Checkout.CheckoutGeneralTest@3738449f]" started-at="2026-09-12T13:38:47 IST" name="resetTestState" finished-at="2026-09-12T13:38:47 IST" duration-ms="489" status="PASS">
          <reporter-output>
          </reporter-output>
        </test-method> <!-- resetTestState -->
        <test-method signature="verifyDateField()[pri:15, instance:Checkout.CheckoutGeneralTest@3738449f]" started-at="2026-09-12T13:38:47 IST" name="verifyDateField" finished-at="2026-09-12T13:38:50 IST" duration-ms="2756" status="PASS">
          <reporter-output>
          </reporter-output>
        </test-method> <!-- verifyDateField -->
        <test-method is-config="true" signature="resetTestState()[pri:0, instance:Checkout.CheckoutGeneralTest@3738449f]" started-at="2026-09-12T13:38:50 IST" name="resetTestState" finished-at="2026-09-12T13:38:50 IST" duration-ms="496" status="PASS">
          <reporter-output>
          </reporter-output>
        </test-method> <!-- resetTestState -->
        <test-method signature="verifyCVCField()[pri:16, instance:Checkout.CheckoutGeneralTest@3738449f]" started-at="2026-09-12T13:38:50 IST" name="verifyCVCField" finished-at="2026-09-12T13:38:53 IST" duration-ms="2732" status="PASS">
          <reporter-output>
          </reporter-output>
        </test-method> <!-- verifyCVCField -->
        <test-method is-config="true" signature="resetTestState()[pri:0, instance:Checkout.CheckoutGeneralTest@3738449f]" started-at="2026-09-12T13:38:53 IST" name="resetTestState" finished-at="2026-09-12T13:38:53 IST" duration-ms="455" status="PASS">
          <reporter-output>
          </reporter-output>
        </test-method> <!-- resetTestState -->
        <test-method signature="verifyPlaceOrderDisplayed()[pri:17, instance:Checkout.CheckoutGeneralTest@3738449f]" started-at="2026-09-12T13:38:53 IST" name="verifyPlaceOrderDisplayed" finished-at="2026-09-12T13:38:56 IST" duration-ms="2691" status="PASS">
          <reporter-output>
          </reporter-output>
        </test-method> <!-- verifyPlaceOrderDisplayed -->
        <test-method is-config="true" signature="resetTestState()[pri:0, instance:Checkout.CheckoutGeneralTest@3738449f]" started-at="2026-09-12T13:38:56 IST" name="resetTestState" finished-at="2026-09-12T13:38:57 IST" duration-ms="523" status="PASS">
          <reporter-output>
          </reporter-output>
        </test-method> <!-- resetTestState -->
        <test-method signature="verifyPlaceOrderEnabled()[pri:18, instance:Checkout.CheckoutGeneralTest@3738449f]" started-at="2026-09-12T13:38:57 IST" name="verifyPlaceOrderEnabled" finished-at="2026-09-12T13:38:59 IST" duration-ms="2693" status="PASS">
          <reporter-output>
          </reporter-output>
        </test-method> <!-- verifyPlaceOrderEnabled -->
        <test-method is-config="true" signature="resetTestState()[pri:0, instance:Checkout.CheckoutGeneralTest@3738449f]" started-at="2026-09-12T13:38:59 IST" name="resetTestState" finished-at="2026-09-12T13:39:00 IST" duration-ms="485" status="PASS">
          <reporter-output>
          </reporter-output>
        </test-method> <!-- resetTestState -->
        <test-method signature="enterValidShippingDetails()[pri:19, instance:Checkout.CheckoutGeneralTest@3738449f]" started-at="2026-09-12T13:39:00 IST" name="enterValidShippingDetails" finished-at="2026-09-12T13:39:03 IST" duration-ms="3110" status="PASS">
          <reporter-output>
          </reporter-output>
        </test-method> <!-- enterValidShippingDetails -->
        <test-method is-config="true" signature="resetTestState()[pri:0, instance:Checkout.CheckoutGeneralTest@3738449f]" started-at="2026-09-12T13:39:03 IST" name="resetTestState" finished-at="2026-09-12T13:39:03 IST" duration-ms="480" status="PASS">
          <reporter-output>
          </reporter-output>
        </test-method> <!-- resetTestState -->
        <test-method signature="enterValidPaymentDetails()[pri:20, instance:Checkout.CheckoutGeneralTest@3738449f]" started-at="2026-09-12T13:39:03 IST" name="enterValidPaymentDetails" finished-at="2026-09-12T13:39:06 IST" duration-ms="2853" status="PASS">
          <reporter-output>
          </reporter-output>
        </test-method> <!-- enterValidPaymentDetails -->
        <test-method is-config="true" signature="resetTestState()[pri:0, instance:Checkout.CheckoutGeneralTest@3738449f]" started-at="2026-09-12T13:39:06 IST" name="resetTestState" finished-at="2026-09-12T13:39:07 IST" duration-ms="471" status="PASS">
          <reporter-output>
          </reporter-output>
        </test-method> <!-- resetTestState -->
        <test-method signature="enterAllValidCheckoutDetails()[pri:21, instance:Checkout.CheckoutGeneralTest@3738449f]" started-at="2026-09-12T13:39:07 IST" name="enterAllValidCheckoutDetails" finished-at="2026-09-12T13:39:11 IST" duration-ms="3829" status="PASS">
          <reporter-output>
          </reporter-output>
        </test-method> <!-- enterAllValidCheckoutDetails -->
        <test-method is-config="true" signature="resetTestState()[pri:0, instance:Checkout.CheckoutGeneralTest@3738449f]" started-at="2026-09-12T13:39:11 IST" name="resetTestState" finished-at="2026-09-12T13:39:11 IST" duration-ms="532" status="PASS">
          <reporter-output>
          </reporter-output>
        </test-method> <!-- resetTestState -->
        <test-method signature="verifyPlaceOrderCanBeClicked()[pri:22, instance:Checkout.CheckoutGeneralTest@3738449f]" started-at="2026-09-12T13:39:11 IST" name="verifyPlaceOrderCanBeClicked" finished-at="2026-09-12T13:39:16 IST" duration-ms="4895" status="PASS">
          <reporter-output>
          </reporter-output>
        </test-method> <!-- verifyPlaceOrderCanBeClicked -->
        <test-method is-config="true" signature="tearDown()[pri:0, instance:Checkout.CheckoutGeneralTest@3738449f]" started-at="2026-09-12T13:39:16 IST" name="tearDown" finished-at="2026-09-12T13:39:16 IST" duration-ms="267" status="PASS">
          <reporter-output>
          </reporter-output>
        </test-method> <!-- tearDown -->
      </class> <!-- Checkout.CheckoutGeneralTest -->
      <class name="Home.HomeVerificationTest">
        <test-method is-config="true" signature="setUp()[pri:0, instance:Home.HomeVerificationTest@62230c58]" started-at="2026-09-12T13:33:38 IST" name="setUp" finished-at="2026-09-12T13:33:40 IST" duration-ms="1808" status="PASS">
          <reporter-output>
          </reporter-output>
        </test-method> <!-- setUp -->
        <test-method signature="verifyTopRatedNavigation()[pri:1, instance:Home.HomeVerificationTest@62230c58]" started-at="2026-09-12T13:33:40 IST" name="verifyTopRatedNavigation" finished-at="2026-09-12T13:33:41 IST" duration-ms="756" status="PASS">
          <reporter-output>
          </reporter-output>
        </test-method> <!-- verifyTopRatedNavigation -->
        <test-method signature="verifyKidsWearNavigation()[pri:2, instance:Home.HomeVerificationTest@62230c58]" started-at="2026-09-12T13:33:41 IST" name="verifyKidsWearNavigation" finished-at="2026-09-12T13:33:42 IST" duration-ms="1267" status="PASS">
          <reporter-output>
          </reporter-output>
        </test-method> <!-- verifyKidsWearNavigation -->
        <test-method signature="verifyMensWearNavigation()[pri:3, instance:Home.HomeVerificationTest@62230c58]" started-at="2026-09-12T13:33:42 IST" name="verifyMensWearNavigation" finished-at="2026-09-12T13:33:43 IST" duration-ms="887" status="PASS">
          <reporter-output>
          </reporter-output>
        </test-method> <!-- verifyMensWearNavigation -->
        <test-method signature="verifyWomensWearNavigation()[pri:4, instance:Home.HomeVerificationTest@62230c58]" started-at="2026-09-12T13:33:43 IST" name="verifyWomensWearNavigation" finished-at="2026-09-12T13:33:44 IST" duration-ms="612" status="PASS">
          <reporter-output>
          </reporter-output>
        </test-method> <!-- verifyWomensWearNavigation -->
        <test-method signature="verifyAllProductsNavigation()[pri:5, instance:Home.HomeVerificationTest@62230c58]" started-at="2026-09-12T13:33:44 IST" name="verifyAllProductsNavigation" finished-at="2026-09-12T13:33:44 IST" duration-ms="585" status="PASS">
          <reporter-output>
          </reporter-output>
        </test-method> <!-- verifyAllProductsNavigation -->
        <test-method signature="verifyHomeIconNavigation()[pri:6, instance:Home.HomeVerificationTest@62230c58]" started-at="2026-09-12T13:33:44 IST" name="verifyHomeIconNavigation" finished-at="2026-09-12T13:33:45 IST" duration-ms="311" status="FAIL">
          <exception class="java.lang.AssertionError">
            <message>
              <![CDATA[Home icon opens Shopping Cart instead of Home expected [https://hexaclothes.netlify.app/] but found [https://hexaclothes.netlify.app/cart]]]>
            </message>
            <full-stacktrace>
              <![CDATA[java.lang.AssertionError: Home icon opens Shopping Cart instead of Home expected [https://hexaclothes.netlify.app/] but found [https://hexaclothes.netlify.app/cart]
at org.testng.Assert.fail(Assert.java:111)
at org.testng.Assert.failNotEquals(Assert.java:1590)
at org.testng.Assert.assertEqualsImpl(Assert.java:150)
at org.testng.Assert.assertEquals(Assert.java:132)
at org.testng.Assert.assertEquals(Assert.java:656)
at Home.HomeVerificationTest.verifyHomeIconNavigation(HomeVerificationTest.java:246)
at java.base/jdk.internal.reflect.DirectMethodHandleAccessor.invoke(DirectMethodHandleAccessor.java:103)
at java.base/java.lang.reflect.Method.invoke(Method.java:580)
at org.testng.internal.invokers.MethodInvocationHelper.invokeMethod(MethodInvocationHelper.java:141)
at org.testng.internal.invokers.TestInvoker.invokeMethod(TestInvoker.java:687)
at org.testng.internal.invokers.TestInvoker.invokeTestMethod(TestInvoker.java:230)
at org.testng.internal.invokers.MethodRunner.runInSequence(MethodRunner.java:63)
at org.testng.internal.invokers.TestInvoker$MethodInvocationAgent.invoke(TestInvoker.java:995)
at org.testng.internal.invokers.TestInvoker.invokeTestMethods(TestInvoker.java:203)
at org.testng.internal.invokers.TestMethodWorker.invokeTestMethods(TestMethodWorker.java:154)
at org.testng.internal.invokers.TestMethodWorker.run(TestMethodWorker.java:134)
at java.base/java.util.ArrayList.forEach(ArrayList.java:1596)
at org.testng.TestRunner.privateRun(TestRunner.java:741)
at org.testng.TestRunner.run(TestRunner.java:616)
at org.testng.SuiteRunner.runTest(SuiteRunner.java:421)
at org.testng.SuiteRunner.runSequentially(SuiteRunner.java:413)
at org.testng.SuiteRunner.privateRun(SuiteRunner.java:373)
at org.testng.SuiteRunner.run(SuiteRunner.java:312)
at org.testng.SuiteRunnerWorker.runSuite(SuiteRunnerWorker.java:52)
at org.testng.SuiteRunnerWorker.run(SuiteRunnerWorker.java:95)
at org.testng.TestNG.runSuitesSequentially(TestNG.java:1274)
at org.testng.TestNG.runSuitesLocally(TestNG.java:1208)
at org.testng.TestNG.runSuites(TestNG.java:1112)
at org.testng.TestNG.run(TestNG.java:1079)
at org.testng.remote.AbstractRemoteTestNG.run(AbstractRemoteTestNG.java:115)
at org.testng.remote.RemoteTestNG.initAndRun(RemoteTestNG.java:293)
at org.testng.remote.RemoteTestNG.main(RemoteTestNG.java:91)
]]>
            </full-stacktrace>
          </exception> <!-- java.lang.AssertionError -->
          <reporter-output>
          </reporter-output>
        </test-method> <!-- verifyHomeIconNavigation -->
        <test-method signature="verifyHomeRefresh()[pri:7, instance:Home.HomeVerificationTest@62230c58]" started-at="2026-09-12T13:33:45 IST" name="verifyHomeRefresh" finished-at="2026-09-12T13:33:45 IST" duration-ms="508" status="PASS">
          <reporter-output>
          </reporter-output>
        </test-method> <!-- verifyHomeRefresh -->
        <test-method signature="verifyTopRatedRefresh()[pri:8, instance:Home.HomeVerificationTest@62230c58]" started-at="2026-09-12T13:33:45 IST" name="verifyTopRatedRefresh" finished-at="2026-09-12T13:33:47 IST" duration-ms="2065" status="FAIL">
          <exception class="java.lang.AssertionError">
            <message>
              <![CDATA[Page Not Found displayed after Top Rated refresh expected [false] but found [true]]]>
            </message>
            <full-stacktrace>
              <![CDATA[java.lang.AssertionError: Page Not Found displayed after Top Rated refresh expected [false] but found [true]
at org.testng.Assert.fail(Assert.java:111)
at org.testng.Assert.failNotEquals(Assert.java:1590)
at org.testng.Assert.assertFalse(Assert.java:79)
at Home.HomeVerificationTest.verifyTopRatedRefresh(HomeVerificationTest.java:317)
at java.base/jdk.internal.reflect.DirectMethodHandleAccessor.invoke(DirectMethodHandleAccessor.java:103)
at java.base/java.lang.reflect.Method.invoke(Method.java:580)
at org.testng.internal.invokers.MethodInvocationHelper.invokeMethod(MethodInvocationHelper.java:141)
at org.testng.internal.invokers.TestInvoker.invokeMethod(TestInvoker.java:687)
at org.testng.internal.invokers.TestInvoker.invokeTestMethod(TestInvoker.java:230)
at org.testng.internal.invokers.MethodRunner.runInSequence(MethodRunner.java:63)
at org.testng.internal.invokers.TestInvoker$MethodInvocationAgent.invoke(TestInvoker.java:995)
at org.testng.internal.invokers.TestInvoker.invokeTestMethods(TestInvoker.java:203)
at org.testng.internal.invokers.TestMethodWorker.invokeTestMethods(TestMethodWorker.java:154)
at org.testng.internal.invokers.TestMethodWorker.run(TestMethodWorker.java:134)
at java.base/java.util.ArrayList.forEach(ArrayList.java:1596)
at org.testng.TestRunner.privateRun(TestRunner.java:741)
at org.testng.TestRunner.run(TestRunner.java:616)
at org.testng.SuiteRunner.runTest(SuiteRunner.java:421)
at org.testng.SuiteRunner.runSequentially(SuiteRunner.java:413)
at org.testng.SuiteRunner.privateRun(SuiteRunner.java:373)
at org.testng.SuiteRunner.run(SuiteRunner.java:312)
at org.testng.SuiteRunnerWorker.runSuite(SuiteRunnerWorker.java:52)
at org.testng.SuiteRunnerWorker.run(SuiteRunnerWorker.java:95)
at org.testng.TestNG.runSuitesSequentially(TestNG.java:1274)
at org.testng.TestNG.runSuitesLocally(TestNG.java:1208)
at org.testng.TestNG.runSuites(TestNG.java:1112)
at org.testng.TestNG.run(TestNG.java:1079)
at org.testng.remote.AbstractRemoteTestNG.run(AbstractRemoteTestNG.java:115)
at org.testng.remote.RemoteTestNG.initAndRun(RemoteTestNG.java:293)
at org.testng.remote.RemoteTestNG.main(RemoteTestNG.java:91)
]]>
            </full-stacktrace>
          </exception> <!-- java.lang.AssertionError -->
          <reporter-output>
          </reporter-output>
        </test-method> <!-- verifyTopRatedRefresh -->
        <test-method signature="verifyKidsWearRefresh()[pri:9, instance:Home.HomeVerificationTest@62230c58]" started-at="2026-09-12T13:33:47 IST" name="verifyKidsWearRefresh" finished-at="2026-09-12T13:33:48 IST" duration-ms="876" status="FAIL">
          <exception class="java.lang.AssertionError">
            <message>
              <![CDATA[Page Not Found displayed after Kids Wear refresh expected [false] but found [true]]]>
            </message>
            <full-stacktrace>
              <![CDATA[java.lang.AssertionError: Page Not Found displayed after Kids Wear refresh expected [false] but found [true]
at org.testng.Assert.fail(Assert.java:111)
at org.testng.Assert.failNotEquals(Assert.java:1590)
at org.testng.Assert.assertFalse(Assert.java:79)
at Home.HomeVerificationTest.verifyKidsWearRefresh(HomeVerificationTest.java:352)
at java.base/jdk.internal.reflect.DirectMethodHandleAccessor.invoke(DirectMethodHandleAccessor.java:103)
at java.base/java.lang.reflect.Method.invoke(Method.java:580)
at org.testng.internal.invokers.MethodInvocationHelper.invokeMethod(MethodInvocationHelper.java:141)
at org.testng.internal.invokers.TestInvoker.invokeMethod(TestInvoker.java:687)
at org.testng.internal.invokers.TestInvoker.invokeTestMethod(TestInvoker.java:230)
at org.testng.internal.invokers.MethodRunner.runInSequence(MethodRunner.java:63)
at org.testng.internal.invokers.TestInvoker$MethodInvocationAgent.invoke(TestInvoker.java:995)
at org.testng.internal.invokers.TestInvoker.invokeTestMethods(TestInvoker.java:203)
at org.testng.internal.invokers.TestMethodWorker.invokeTestMethods(TestMethodWorker.java:154)
at org.testng.internal.invokers.TestMethodWorker.run(TestMethodWorker.java:134)
at java.base/java.util.ArrayList.forEach(ArrayList.java:1596)
at org.testng.TestRunner.privateRun(TestRunner.java:741)
at org.testng.TestRunner.run(TestRunner.java:616)
at org.testng.SuiteRunner.runTest(SuiteRunner.java:421)
at org.testng.SuiteRunner.runSequentially(SuiteRunner.java:413)
at org.testng.SuiteRunner.privateRun(SuiteRunner.java:373)
at org.testng.SuiteRunner.run(SuiteRunner.java:312)
at org.testng.SuiteRunnerWorker.runSuite(SuiteRunnerWorker.java:52)
at org.testng.SuiteRunnerWorker.run(SuiteRunnerWorker.java:95)
at org.testng.TestNG.runSuitesSequentially(TestNG.java:1274)
at org.testng.TestNG.runSuitesLocally(TestNG.java:1208)
at org.testng.TestNG.runSuites(TestNG.java:1112)
at org.testng.TestNG.run(TestNG.java:1079)
at org.testng.remote.AbstractRemoteTestNG.run(AbstractRemoteTestNG.java:115)
at org.testng.remote.RemoteTestNG.initAndRun(RemoteTestNG.java:293)
at org.testng.remote.RemoteTestNG.main(RemoteTestNG.java:91)
]]>
            </full-stacktrace>
          </exception> <!-- java.lang.AssertionError -->
          <reporter-output>
          </reporter-output>
        </test-method> <!-- verifyKidsWearRefresh -->
        <test-method signature="verifyMensWearRefresh()[pri:10, instance:Home.HomeVerificationTest@62230c58]" started-at="2026-09-12T13:33:48 IST" name="verifyMensWearRefresh" finished-at="2026-09-12T13:33:49 IST" duration-ms="658" status="FAIL">
          <exception class="java.lang.AssertionError">
            <message>
              <![CDATA[Page Not Found displayed after Men's Wear refresh expected [false] but found [true]]]>
            </message>
            <full-stacktrace>
              <![CDATA[java.lang.AssertionError: Page Not Found displayed after Men's Wear refresh expected [false] but found [true]
at org.testng.Assert.fail(Assert.java:111)
at org.testng.Assert.failNotEquals(Assert.java:1590)
at org.testng.Assert.assertFalse(Assert.java:79)
at Home.HomeVerificationTest.verifyMensWearRefresh(HomeVerificationTest.java:387)
at java.base/jdk.internal.reflect.DirectMethodHandleAccessor.invoke(DirectMethodHandleAccessor.java:103)
at java.base/java.lang.reflect.Method.invoke(Method.java:580)
at org.testng.internal.invokers.MethodInvocationHelper.invokeMethod(MethodInvocationHelper.java:141)
at org.testng.internal.invokers.TestInvoker.invokeMethod(TestInvoker.java:687)
at org.testng.internal.invokers.TestInvoker.invokeTestMethod(TestInvoker.java:230)
at org.testng.internal.invokers.MethodRunner.runInSequence(MethodRunner.java:63)
at org.testng.internal.invokers.TestInvoker$MethodInvocationAgent.invoke(TestInvoker.java:995)
at org.testng.internal.invokers.TestInvoker.invokeTestMethods(TestInvoker.java:203)
at org.testng.internal.invokers.TestMethodWorker.invokeTestMethods(TestMethodWorker.java:154)
at org.testng.internal.invokers.TestMethodWorker.run(TestMethodWorker.java:134)
at java.base/java.util.ArrayList.forEach(ArrayList.java:1596)
at org.testng.TestRunner.privateRun(TestRunner.java:741)
at org.testng.TestRunner.run(TestRunner.java:616)
at org.testng.SuiteRunner.runTest(SuiteRunner.java:421)
at org.testng.SuiteRunner.runSequentially(SuiteRunner.java:413)
at org.testng.SuiteRunner.privateRun(SuiteRunner.java:373)
at org.testng.SuiteRunner.run(SuiteRunner.java:312)
at org.testng.SuiteRunnerWorker.runSuite(SuiteRunnerWorker.java:52)
at org.testng.SuiteRunnerWorker.run(SuiteRunnerWorker.java:95)
at org.testng.TestNG.runSuitesSequentially(TestNG.java:1274)
at org.testng.TestNG.runSuitesLocally(TestNG.java:1208)
at org.testng.TestNG.runSuites(TestNG.java:1112)
at org.testng.TestNG.run(TestNG.java:1079)
at org.testng.remote.AbstractRemoteTestNG.run(AbstractRemoteTestNG.java:115)
at org.testng.remote.RemoteTestNG.initAndRun(RemoteTestNG.java:293)
at org.testng.remote.RemoteTestNG.main(RemoteTestNG.java:91)
]]>
            </full-stacktrace>
          </exception> <!-- java.lang.AssertionError -->
          <reporter-output>
          </reporter-output>
        </test-method> <!-- verifyMensWearRefresh -->
        <test-method signature="verifyWomensWearRefresh()[pri:11, instance:Home.HomeVerificationTest@62230c58]" started-at="2026-09-12T13:33:49 IST" name="verifyWomensWearRefresh" finished-at="2026-09-12T13:33:49 IST" duration-ms="653" status="FAIL">
          <exception class="java.lang.AssertionError">
            <message>
              <![CDATA[Page Not Found displayed after Women's Wear refresh expected [false] but found [true]]]>
            </message>
            <full-stacktrace>
              <![CDATA[java.lang.AssertionError: Page Not Found displayed after Women's Wear refresh expected [false] but found [true]
at org.testng.Assert.fail(Assert.java:111)
at org.testng.Assert.failNotEquals(Assert.java:1590)
at org.testng.Assert.assertFalse(Assert.java:79)
at Home.HomeVerificationTest.verifyWomensWearRefresh(HomeVerificationTest.java:422)
at java.base/jdk.internal.reflect.DirectMethodHandleAccessor.invoke(DirectMethodHandleAccessor.java:103)
at java.base/java.lang.reflect.Method.invoke(Method.java:580)
at org.testng.internal.invokers.MethodInvocationHelper.invokeMethod(MethodInvocationHelper.java:141)
at org.testng.internal.invokers.TestInvoker.invokeMethod(TestInvoker.java:687)
at org.testng.internal.invokers.TestInvoker.invokeTestMethod(TestInvoker.java:230)
at org.testng.internal.invokers.MethodRunner.runInSequence(MethodRunner.java:63)
at org.testng.internal.invokers.TestInvoker$MethodInvocationAgent.invoke(TestInvoker.java:995)
at org.testng.internal.invokers.TestInvoker.invokeTestMethods(TestInvoker.java:203)
at org.testng.internal.invokers.TestMethodWorker.invokeTestMethods(TestMethodWorker.java:154)
at org.testng.internal.invokers.TestMethodWorker.run(TestMethodWorker.java:134)
at java.base/java.util.ArrayList.forEach(ArrayList.java:1596)
at org.testng.TestRunner.privateRun(TestRunner.java:741)
at org.testng.TestRunner.run(TestRunner.java:616)
at org.testng.SuiteRunner.runTest(SuiteRunner.java:421)
at org.testng.SuiteRunner.runSequentially(SuiteRunner.java:413)
at org.testng.SuiteRunner.privateRun(SuiteRunner.java:373)
at org.testng.SuiteRunner.run(SuiteRunner.java:312)
at org.testng.SuiteRunnerWorker.runSuite(SuiteRunnerWorker.java:52)
at org.testng.SuiteRunnerWorker.run(SuiteRunnerWorker.java:95)
at org.testng.TestNG.runSuitesSequentially(TestNG.java:1274)
at org.testng.TestNG.runSuitesLocally(TestNG.java:1208)
at org.testng.TestNG.runSuites(TestNG.java:1112)
at org.testng.TestNG.run(TestNG.java:1079)
at org.testng.remote.AbstractRemoteTestNG.run(AbstractRemoteTestNG.java:115)
at org.testng.remote.RemoteTestNG.initAndRun(RemoteTestNG.java:293)
at org.testng.remote.RemoteTestNG.main(RemoteTestNG.java:91)
]]>
            </full-stacktrace>
          </exception> <!-- java.lang.AssertionError -->
          <reporter-output>
          </reporter-output>
        </test-method> <!-- verifyWomensWearRefresh -->
        <test-method signature="verifyAllProductsRefresh()[pri:12, instance:Home.HomeVerificationTest@62230c58]" started-at="2026-09-12T13:33:49 IST" name="verifyAllProductsRefresh" finished-at="2026-09-12T13:33:50 IST" duration-ms="691" status="FAIL">
          <exception class="java.lang.AssertionError">
            <message>
              <![CDATA[Page Not Found displayed after All Products refresh expected [false] but found [true]]]>
            </message>
            <full-stacktrace>
              <![CDATA[java.lang.AssertionError: Page Not Found displayed after All Products refresh expected [false] but found [true]
at org.testng.Assert.fail(Assert.java:111)
at org.testng.Assert.failNotEquals(Assert.java:1590)
at org.testng.Assert.assertFalse(Assert.java:79)
at Home.HomeVerificationTest.verifyAllProductsRefresh(HomeVerificationTest.java:457)
at java.base/jdk.internal.reflect.DirectMethodHandleAccessor.invoke(DirectMethodHandleAccessor.java:103)
at java.base/java.lang.reflect.Method.invoke(Method.java:580)
at org.testng.internal.invokers.MethodInvocationHelper.invokeMethod(MethodInvocationHelper.java:141)
at org.testng.internal.invokers.TestInvoker.invokeMethod(TestInvoker.java:687)
at org.testng.internal.invokers.TestInvoker.invokeTestMethod(TestInvoker.java:230)
at org.testng.internal.invokers.MethodRunner.runInSequence(MethodRunner.java:63)
at org.testng.internal.invokers.TestInvoker$MethodInvocationAgent.invoke(TestInvoker.java:995)
at org.testng.internal.invokers.TestInvoker.invokeTestMethods(TestInvoker.java:203)
at org.testng.internal.invokers.TestMethodWorker.invokeTestMethods(TestMethodWorker.java:154)
at org.testng.internal.invokers.TestMethodWorker.run(TestMethodWorker.java:134)
at java.base/java.util.ArrayList.forEach(ArrayList.java:1596)
at org.testng.TestRunner.privateRun(TestRunner.java:741)
at org.testng.TestRunner.run(TestRunner.java:616)
at org.testng.SuiteRunner.runTest(SuiteRunner.java:421)
at org.testng.SuiteRunner.runSequentially(SuiteRunner.java:413)
at org.testng.SuiteRunner.privateRun(SuiteRunner.java:373)
at org.testng.SuiteRunner.run(SuiteRunner.java:312)
at org.testng.SuiteRunnerWorker.runSuite(SuiteRunnerWorker.java:52)
at org.testng.SuiteRunnerWorker.run(SuiteRunnerWorker.java:95)
at org.testng.TestNG.runSuitesSequentially(TestNG.java:1274)
at org.testng.TestNG.runSuitesLocally(TestNG.java:1208)
at org.testng.TestNG.runSuites(TestNG.java:1112)
at org.testng.TestNG.run(TestNG.java:1079)
at org.testng.remote.AbstractRemoteTestNG.run(AbstractRemoteTestNG.java:115)
at org.testng.remote.RemoteTestNG.initAndRun(RemoteTestNG.java:293)
at org.testng.remote.RemoteTestNG.main(RemoteTestNG.java:91)
]]>
            </full-stacktrace>
          </exception> <!-- java.lang.AssertionError -->
          <reporter-output>
          </reporter-output>
        </test-method> <!-- verifyAllProductsRefresh -->
        <test-method is-config="true" signature="tearDown()[pri:0, instance:Home.HomeVerificationTest@62230c58]" started-at="2026-09-12T13:33:50 IST" name="tearDown" finished-at="2026-09-12T13:33:50 IST" duration-ms="162" status="PASS">
          <reporter-output>
          </reporter-output>
        </test-method> <!-- tearDown -->
      </class> <!-- Home.HomeVerificationTest -->
      <class name="Home.HomeGeneralTest">
        <test-method is-config="true" signature="setUp()[pri:0, instance:Home.HomeGeneralTest@747edf66]" started-at="2026-09-12T13:32:14 IST" name="setUp" finished-at="2026-09-12T13:32:17 IST" duration-ms="2533" status="PASS">
          <reporter-output>
          </reporter-output>
        </test-method> <!-- setUp -->
        <test-method is-config="true" signature="returnToHome()[pri:0, instance:Home.HomeGeneralTest@747edf66]" started-at="2026-09-12T13:32:17 IST" name="returnToHome" finished-at="2026-09-12T13:32:17 IST" duration-ms="245" status="PASS">
          <reporter-output>
          </reporter-output>
        </test-method> <!-- returnToHome -->
        <test-method signature="verifyHomePageLoaded()[pri:1, instance:Home.HomeGeneralTest@747edf66]" started-at="2026-09-12T13:32:17 IST" name="verifyHomePageLoaded" finished-at="2026-09-12T13:32:17 IST" duration-ms="7" status="PASS">
          <reporter-output>
          </reporter-output>
        </test-method> <!-- verifyHomePageLoaded -->
        <test-method is-config="true" signature="returnToHome()[pri:0, instance:Home.HomeGeneralTest@747edf66]" started-at="2026-09-12T13:32:17 IST" name="returnToHome" finished-at="2026-09-12T13:32:18 IST" duration-ms="1117" status="PASS">
          <reporter-output>
          </reporter-output>
        </test-method> <!-- returnToHome -->
        <test-method signature="verifyHomeHeading()[pri:2, instance:Home.HomeGeneralTest@747edf66]" started-at="2026-09-12T13:32:18 IST" name="verifyHomeHeading" finished-at="2026-09-12T13:32:18 IST" duration-ms="20" status="PASS">
          <reporter-output>
          </reporter-output>
        </test-method> <!-- verifyHomeHeading -->
        <test-method is-config="true" signature="returnToHome()[pri:0, instance:Home.HomeGeneralTest@747edf66]" started-at="2026-09-12T13:32:18 IST" name="returnToHome" finished-at="2026-09-12T13:32:19 IST" duration-ms="1033" status="PASS">
          <reporter-output>
          </reporter-output>
        </test-method> <!-- returnToHome -->
        <test-method signature="verifyHeroParagraph()[pri:3, instance:Home.HomeGeneralTest@747edf66]" started-at="2026-09-12T13:32:19 IST" name="verifyHeroParagraph" finished-at="2026-09-12T13:32:19 IST" duration-ms="40" status="PASS">
          <reporter-output>
          </reporter-output>
        </test-method> <!-- verifyHeroParagraph -->
        <test-method is-config="true" signature="returnToHome()[pri:0, instance:Home.HomeGeneralTest@747edf66]" started-at="2026-09-12T13:32:19 IST" name="returnToHome" finished-at="2026-09-12T13:32:20 IST" duration-ms="911" status="PASS">
          <reporter-output>
          </reporter-output>
        </test-method> <!-- returnToHome -->
        <test-method signature="verifyFirstHeroImage()[pri:4, instance:Home.HomeGeneralTest@747edf66]" started-at="2026-09-12T13:32:20 IST" name="verifyFirstHeroImage" finished-at="2026-09-12T13:32:20 IST" duration-ms="22" status="PASS">
          <reporter-output>
          </reporter-output>
        </test-method> <!-- verifyFirstHeroImage -->
        <test-method is-config="true" signature="returnToHome()[pri:0, instance:Home.HomeGeneralTest@747edf66]" started-at="2026-09-12T13:32:20 IST" name="returnToHome" finished-at="2026-09-12T13:32:21 IST" duration-ms="983" status="PASS">
          <reporter-output>
          </reporter-output>
        </test-method> <!-- returnToHome -->
        <test-method signature="verifySecondHeroImage()[pri:5, instance:Home.HomeGeneralTest@747edf66]" started-at="2026-09-12T13:32:21 IST" name="verifySecondHeroImage" finished-at="2026-09-12T13:32:30 IST" duration-ms="9034" status="PASS">
          <reporter-output>
          </reporter-output>
        </test-method> <!-- verifySecondHeroImage -->
        <test-method is-config="true" signature="returnToHome()[pri:0, instance:Home.HomeGeneralTest@747edf66]" started-at="2026-09-12T13:32:30 IST" name="returnToHome" finished-at="2026-09-12T13:32:31 IST" duration-ms="250" status="PASS">
          <reporter-output>
          </reporter-output>
        </test-method> <!-- returnToHome -->
        <test-method signature="verifyExploreNow()[pri:6, instance:Home.HomeGeneralTest@747edf66]" started-at="2026-09-12T13:32:31 IST" name="verifyExploreNow" finished-at="2026-09-12T13:32:31 IST" duration-ms="29" status="PASS">
          <reporter-output>
          </reporter-output>
        </test-method> <!-- verifyExploreNow -->
        <test-method is-config="true" signature="returnToHome()[pri:0, instance:Home.HomeGeneralTest@747edf66]" started-at="2026-09-12T13:32:31 IST" name="returnToHome" finished-at="2026-09-12T13:32:31 IST" duration-ms="232" status="PASS">
          <reporter-output>
          </reporter-output>
        </test-method> <!-- returnToHome -->
        <test-method signature="verifyTopRatedNavigation()[pri:7, instance:Home.HomeGeneralTest@747edf66]" started-at="2026-09-12T13:32:31 IST" name="verifyTopRatedNavigation" finished-at="2026-09-12T13:32:31 IST" duration-ms="116" status="PASS">
          <reporter-output>
          </reporter-output>
        </test-method> <!-- verifyTopRatedNavigation -->
        <test-method is-config="true" signature="returnToHome()[pri:0, instance:Home.HomeGeneralTest@747edf66]" started-at="2026-09-12T13:32:31 IST" name="returnToHome" finished-at="2026-09-12T13:32:32 IST" duration-ms="866" status="PASS">
          <reporter-output>
          </reporter-output>
        </test-method> <!-- returnToHome -->
        <test-method signature="verifyKidsWearNavigation()[pri:8, instance:Home.HomeGeneralTest@747edf66]" started-at="2026-09-12T13:32:32 IST" name="verifyKidsWearNavigation" finished-at="2026-09-12T13:32:32 IST" duration-ms="109" status="PASS">
          <reporter-output>
          </reporter-output>
        </test-method> <!-- verifyKidsWearNavigation -->
        <test-method is-config="true" signature="returnToHome()[pri:0, instance:Home.HomeGeneralTest@747edf66]" started-at="2026-09-12T13:32:32 IST" name="returnToHome" finished-at="2026-09-12T13:32:32 IST" duration-ms="338" status="PASS">
          <reporter-output>
          </reporter-output>
        </test-method> <!-- returnToHome -->
        <test-method signature="verifyMensWearNavigation()[pri:9, instance:Home.HomeGeneralTest@747edf66]" started-at="2026-09-12T13:32:32 IST" name="verifyMensWearNavigation" finished-at="2026-09-12T13:32:32 IST" duration-ms="115" status="PASS">
          <reporter-output>
          </reporter-output>
        </test-method> <!-- verifyMensWearNavigation -->
        <test-method is-config="true" signature="returnToHome()[pri:0, instance:Home.HomeGeneralTest@747edf66]" started-at="2026-09-12T13:32:32 IST" name="returnToHome" finished-at="2026-09-12T13:32:35 IST" duration-ms="2115" status="PASS">
          <reporter-output>
          </reporter-output>
        </test-method> <!-- returnToHome -->
        <test-method signature="verifyWomensWearNavigation()[pri:10, instance:Home.HomeGeneralTest@747edf66]" started-at="2026-09-12T13:32:35 IST" name="verifyWomensWearNavigation" finished-at="2026-09-12T13:32:35 IST" duration-ms="129" status="PASS">
          <reporter-output>
          </reporter-output>
        </test-method> <!-- verifyWomensWearNavigation -->
        <test-method is-config="true" signature="returnToHome()[pri:0, instance:Home.HomeGeneralTest@747edf66]" started-at="2026-09-12T13:32:35 IST" name="returnToHome" finished-at="2026-09-12T13:32:39 IST" duration-ms="3798" status="PASS">
          <reporter-output>
          </reporter-output>
        </test-method> <!-- returnToHome -->
        <test-method signature="verifyAllProductsNavigation()[pri:11, instance:Home.HomeGeneralTest@747edf66]" started-at="2026-09-12T13:32:39 IST" name="verifyAllProductsNavigation" finished-at="2026-09-12T13:32:39 IST" duration-ms="138" status="PASS">
          <reporter-output>
          </reporter-output>
        </test-method> <!-- verifyAllProductsNavigation -->
        <test-method is-config="true" signature="returnToHome()[pri:0, instance:Home.HomeGeneralTest@747edf66]" started-at="2026-09-12T13:32:39 IST" name="returnToHome" finished-at="2026-09-12T13:32:39 IST" duration-ms="388" status="PASS">
          <reporter-output>
          </reporter-output>
        </test-method> <!-- returnToHome -->
        <test-method signature="verifyProductImage()[pri:12, instance:Home.HomeGeneralTest@747edf66]" started-at="2026-09-12T13:32:39 IST" name="verifyProductImage" finished-at="2026-09-12T13:32:39 IST" duration-ms="35" status="PASS">
          <reporter-output>
          </reporter-output>
        </test-method> <!-- verifyProductImage -->
        <test-method is-config="true" signature="returnToHome()[pri:0, instance:Home.HomeGeneralTest@747edf66]" started-at="2026-09-12T13:32:39 IST" name="returnToHome" finished-at="2026-09-12T13:32:39 IST" duration-ms="319" status="PASS">
          <reporter-output>
          </reporter-output>
        </test-method> <!-- returnToHome -->
        <test-method signature="verifyProductTitle()[pri:13, instance:Home.HomeGeneralTest@747edf66]" started-at="2026-09-12T13:32:39 IST" name="verifyProductTitle" finished-at="2026-09-12T13:32:39 IST" duration-ms="41" status="PASS">
          <reporter-output>
          </reporter-output>
        </test-method> <!-- verifyProductTitle -->
        <test-method is-config="true" signature="returnToHome()[pri:0, instance:Home.HomeGeneralTest@747edf66]" started-at="2026-09-12T13:32:39 IST" name="returnToHome" finished-at="2026-09-12T13:32:40 IST" duration-ms="299" status="PASS">
          <reporter-output>
          </reporter-output>
        </test-method> <!-- returnToHome -->
        <test-method signature="verifyAddToCartButton()[pri:14, instance:Home.HomeGeneralTest@747edf66]" started-at="2026-09-12T13:32:40 IST" name="verifyAddToCartButton" finished-at="2026-09-12T13:32:40 IST" duration-ms="40" status="PASS">
          <reporter-output>
          </reporter-output>
        </test-method> <!-- verifyAddToCartButton -->
        <test-method is-config="true" signature="returnToHome()[pri:0, instance:Home.HomeGeneralTest@747edf66]" started-at="2026-09-12T13:32:40 IST" name="returnToHome" finished-at="2026-09-12T13:32:40 IST" duration-ms="341" status="PASS">
          <reporter-output>
          </reporter-output>
        </test-method> <!-- returnToHome -->
        <test-method signature="verifyProductRating()[pri:15, instance:Home.HomeGeneralTest@747edf66]" started-at="2026-09-12T13:32:40 IST" name="verifyProductRating" finished-at="2026-09-12T13:32:40 IST" duration-ms="39" status="PASS">
          <reporter-output>
          </reporter-output>
        </test-method> <!-- verifyProductRating -->
        <test-method is-config="true" signature="returnToHome()[pri:0, instance:Home.HomeGeneralTest@747edf66]" started-at="2026-09-12T13:32:40 IST" name="returnToHome" finished-at="2026-09-12T13:32:41 IST" duration-ms="369" status="PASS">
          <reporter-output>
          </reporter-output>
        </test-method> <!-- returnToHome -->
        <test-method signature="verifyLoginButton()[pri:16, instance:Home.HomeGeneralTest@747edf66]" started-at="2026-09-12T13:32:41 IST" name="verifyLoginButton" finished-at="2026-09-12T13:32:41 IST" duration-ms="28" status="PASS">
          <reporter-output>
          </reporter-output>
        </test-method> <!-- verifyLoginButton -->
        <test-method is-config="true" signature="returnToHome()[pri:0, instance:Home.HomeGeneralTest@747edf66]" started-at="2026-09-12T13:32:41 IST" name="returnToHome" finished-at="2026-09-12T13:32:41 IST" duration-ms="312" status="PASS">
          <reporter-output>
          </reporter-output>
        </test-method> <!-- returnToHome -->
        <test-method signature="verifyCartIcon()[pri:17, instance:Home.HomeGeneralTest@747edf66]" started-at="2026-09-12T13:32:41 IST" name="verifyCartIcon" finished-at="2026-09-12T13:32:41 IST" duration-ms="28" status="PASS">
          <reporter-output>
          </reporter-output>
        </test-method> <!-- verifyCartIcon -->
        <test-method is-config="true" signature="returnToHome()[pri:0, instance:Home.HomeGeneralTest@747edf66]" started-at="2026-09-12T13:32:41 IST" name="returnToHome" finished-at="2026-09-12T13:32:41 IST" duration-ms="250" status="PASS">
          <reporter-output>
          </reporter-output>
        </test-method> <!-- returnToHome -->
        <test-method signature="verifyHomeIconNavigation()[pri:18, instance:Home.HomeGeneralTest@747edf66]" started-at="2026-09-12T13:32:41 IST" name="verifyHomeIconNavigation" finished-at="2026-09-12T13:33:02 IST" duration-ms="20421" status="FAIL">
          <exception class="org.openqa.selenium.TimeoutException">
            <message>
              <![CDATA[Expected condition failed: waiting for presence of element located by: By.xpath: //*[@id="root"]/div[1]/div[2]/div[2]/div/div/div/div[2]/div/div/div/div[1]/h1 (tried for 20 second(s) with 500 milliseconds interval)]]>
            </message>
            <full-stacktrace>
              <![CDATA[org.openqa.selenium.TimeoutException: Expected condition failed: waiting for presence of element located by: By.xpath: //*[@id="root"]/div[1]/div[2]/div[2]/div/div/div/div[2]/div/div/div/div[1]/h1 (tried for 20 second(s) with 500 milliseconds interval)
at org.openqa.selenium.support.ui.WebDriverWait.timeoutException(WebDriverWait.java:84)
at org.openqa.selenium.support.ui.FluentWait.until(FluentWait.java:228)
at Home.HomeGeneralTest.verifyHomeIconNavigation(HomeGeneralTest.java:529)
at java.base/jdk.internal.reflect.DirectMethodHandleAccessor.invoke(DirectMethodHandleAccessor.java:103)
at java.base/java.lang.reflect.Method.invoke(Method.java:580)
at org.testng.internal.invokers.MethodInvocationHelper.invokeMethod(MethodInvocationHelper.java:141)
at org.testng.internal.invokers.TestInvoker.invokeMethod(TestInvoker.java:687)
at org.testng.internal.invokers.TestInvoker.invokeTestMethod(TestInvoker.java:230)
at org.testng.internal.invokers.MethodRunner.runInSequence(MethodRunner.java:63)
at org.testng.internal.invokers.TestInvoker$MethodInvocationAgent.invoke(TestInvoker.java:995)
at org.testng.internal.invokers.TestInvoker.invokeTestMethods(TestInvoker.java:203)
at org.testng.internal.invokers.TestMethodWorker.invokeTestMethods(TestMethodWorker.java:154)
at org.testng.internal.invokers.TestMethodWorker.run(TestMethodWorker.java:134)
at java.base/java.util.ArrayList.forEach(ArrayList.java:1596)
at org.testng.TestRunner.privateRun(TestRunner.java:741)
at org.testng.TestRunner.run(TestRunner.java:616)
at org.testng.SuiteRunner.runTest(SuiteRunner.java:421)
at org.testng.SuiteRunner.runSequentially(SuiteRunner.java:413)
at org.testng.SuiteRunner.privateRun(SuiteRunner.java:373)
at org.testng.SuiteRunner.run(SuiteRunner.java:312)
at org.testng.SuiteRunnerWorker.runSuite(SuiteRunnerWorker.java:52)
at org.testng.SuiteRunnerWorker.run(SuiteRunnerWorker.java:95)
at org.testng.TestNG.runSuitesSequentially(TestNG.java:1274)
at org.testng.TestNG.runSuitesLocally(TestNG.java:1208)
at org.testng.TestNG.runSuites(TestNG.java:1112)
at org.testng.TestNG.run(TestNG.java:1079)
at org.testng.remote.AbstractRemoteTestNG.run(AbstractRemoteTestNG.java:115)
at org.testng.remote.RemoteTestNG.initAndRun(RemoteTestNG.java:293)
at org.testng.remote.RemoteTestNG.main(RemoteTestNG.java:91)
Caused by: org.openqa.selenium.NoSuchElementException: no such element: Unable to locate element: {"method":"xpath","selector":"//*[@id="root"]/div[1]/div[2]/div[2]/div/div/div/div[2]/div/div/div/div[1]/h1"}
  (Session info: chrome=153.0.8010.36)
For documentation on this error, please visit: https://www.selenium.dev/documentation/webdriver/troubleshooting/errors#no-such-element-exception
Build info: version: '4.35.0', revision: '1c58e5028b'
System info: os.name: 'Windows 11', os.arch: 'amd64', os.version: '10.0', java.version: '21.0.10'
Driver info: org.openqa.selenium.chrome.ChromeDriver
Command: [5287f7b2bae759749308f650ff6b8028, findElement {using=xpath, value=//*[@id="root"]/div[1]/div[2]/div[2]/div/div/div/div[2]/div/div/div/div[1]/h1}]
Capabilities {acceptInsecureCerts: false, browserName: chrome, browserVersion: 153.0.8010.36, chrome: {chromedriverVersion: 153.0.8010.36 (507c6ee3e2f3..., userDataDir: C:\Users\Admin\AppData\Loca...}, fedcm:accounts: true, goog:chromeOptions: {debuggerAddress: localhost:52268}, goog:processID: 17920, networkConnectionEnabled: false, pageLoadStrategy: normal, platformName: windows, proxy: Proxy(), se:cdp: ws://localhost:52268/devtoo..., se:cdpVersion: 153.0.8010.36, setWindowRect: true, strictFileInteractability: false, timeouts: {implicit: 0, pageLoad: 300000, script: 30000}, unhandledPromptBehavior: dismiss and notify, webauthn:extension:cmtgKey: true, webauthn:extension:credBlob: true, webauthn:extension:largeBlob: true, webauthn:extension:minPinLength: true, webauthn:extension:prf: true, webauthn:virtualAuthenticators: true}
Session ID: 5287f7b2bae759749308f650ff6b8028
at java.base/jdk.internal.reflect.DirectConstructorHandleAccessor.newInstance(DirectConstructorHandleAccessor.java:62)
at java.base/java.lang.reflect.Constructor.newInstanceWithCaller(Constructor.java:502)
at java.base/java.lang.reflect.Constructor.newInstance(Constructor.java:486)
at org.openqa.selenium.remote.ErrorCodec.decode(ErrorCodec.java:167)
at org.openqa.selenium.remote.codec.w3c.W3CHttpResponseCodec.decode(W3CHttpResponseCodec.java:138)
at org.openqa.selenium.remote.codec.w3c.W3CHttpResponseCodec.decode(W3CHttpResponseCodec.java:50)
at org.openqa.selenium.remote.HttpCommandExecutor.execute(HttpCommandExecutor.java:215)
at org.openqa.selenium.remote.service.DriverCommandExecutor.invokeExecute(DriverCommandExecutor.java:216)
at org.openqa.selenium.remote.service.DriverCommandExecutor.execute(DriverCommandExecutor.java:174)
at org.openqa.selenium.remote.RemoteWebDriver.execute(RemoteWebDriver.java:557)
at org.openqa.selenium.remote.ElementLocation$ElementFinder$2.findElement(ElementLocation.java:165)
at org.openqa.selenium.remote.ElementLocation.findElement(ElementLocation.java:59)
at org.openqa.selenium.remote.RemoteWebDriver.findElement(RemoteWebDriver.java:380)
at org.openqa.selenium.remote.RemoteWebDriver.findElement(RemoteWebDriver.java:374)
at org.openqa.selenium.support.ui.ExpectedConditions$6.apply(ExpectedConditions.java:171)
at org.openqa.selenium.support.ui.ExpectedConditions$6.apply(ExpectedConditions.java:168)
at org.openqa.selenium.support.ui.FluentWait.until(FluentWait.java:203)
... 27 more
]]>
            </full-stacktrace>
          </exception> <!-- org.openqa.selenium.TimeoutException -->
          <reporter-output>
          </reporter-output>
        </test-method> <!-- verifyHomeIconNavigation -->
        <test-method is-config="true" signature="returnToHome()[pri:0, instance:Home.HomeGeneralTest@747edf66]" started-at="2026-09-12T13:33:02 IST" name="returnToHome" finished-at="2026-09-12T13:33:02 IST" duration-ms="240" status="PASS">
          <reporter-output>
          </reporter-output>
        </test-method> <!-- returnToHome -->
        <test-method signature="verifyHomePageAfterRefresh()[pri:19, instance:Home.HomeGeneralTest@747edf66]" started-at="2026-09-12T13:33:02 IST" name="verifyHomePageAfterRefresh" finished-at="2026-09-12T13:33:02 IST" duration-ms="300" status="PASS">
          <reporter-output>
          </reporter-output>
        </test-method> <!-- verifyHomePageAfterRefresh -->
        <test-method is-config="true" signature="returnToHome()[pri:0, instance:Home.HomeGeneralTest@747edf66]" started-at="2026-09-12T13:33:02 IST" name="returnToHome" finished-at="2026-09-12T13:33:02 IST" duration-ms="275" status="PASS">
          <reporter-output>
          </reporter-output>
        </test-method> <!-- returnToHome -->
        <test-method signature="verifyTopRatedAfterRefresh()[pri:20, instance:Home.HomeGeneralTest@747edf66]" started-at="2026-09-12T13:33:02 IST" name="verifyTopRatedAfterRefresh" finished-at="2026-09-12T13:33:03 IST" duration-ms="504" status="FAIL">
          <exception class="java.lang.AssertionError">
            <message>
              <![CDATA[Top Rated page shows Page Not Found after refresh expected [false] but found [true]]]>
            </message>
            <full-stacktrace>
              <![CDATA[java.lang.AssertionError: Top Rated page shows Page Not Found after refresh expected [false] but found [true]
at org.testng.Assert.fail(Assert.java:111)
at org.testng.Assert.failNotEquals(Assert.java:1590)
at org.testng.Assert.assertFalse(Assert.java:79)
at Home.HomeGeneralTest.verifyTopRatedAfterRefresh(HomeGeneralTest.java:585)
at java.base/jdk.internal.reflect.DirectMethodHandleAccessor.invoke(DirectMethodHandleAccessor.java:103)
at java.base/java.lang.reflect.Method.invoke(Method.java:580)
at org.testng.internal.invokers.MethodInvocationHelper.invokeMethod(MethodInvocationHelper.java:141)
at org.testng.internal.invokers.TestInvoker.invokeMethod(TestInvoker.java:687)
at org.testng.internal.invokers.TestInvoker.invokeTestMethod(TestInvoker.java:230)
at org.testng.internal.invokers.MethodRunner.runInSequence(MethodRunner.java:63)
at org.testng.internal.invokers.TestInvoker$MethodInvocationAgent.invoke(TestInvoker.java:995)
at org.testng.internal.invokers.TestInvoker.invokeTestMethods(TestInvoker.java:203)
at org.testng.internal.invokers.TestMethodWorker.invokeTestMethods(TestMethodWorker.java:154)
at org.testng.internal.invokers.TestMethodWorker.run(TestMethodWorker.java:134)
at java.base/java.util.ArrayList.forEach(ArrayList.java:1596)
at org.testng.TestRunner.privateRun(TestRunner.java:741)
at org.testng.TestRunner.run(TestRunner.java:616)
at org.testng.SuiteRunner.runTest(SuiteRunner.java:421)
at org.testng.SuiteRunner.runSequentially(SuiteRunner.java:413)
at org.testng.SuiteRunner.privateRun(SuiteRunner.java:373)
at org.testng.SuiteRunner.run(SuiteRunner.java:312)
at org.testng.SuiteRunnerWorker.runSuite(SuiteRunnerWorker.java:52)
at org.testng.SuiteRunnerWorker.run(SuiteRunnerWorker.java:95)
at org.testng.TestNG.runSuitesSequentially(TestNG.java:1274)
at org.testng.TestNG.runSuitesLocally(TestNG.java:1208)
at org.testng.TestNG.runSuites(TestNG.java:1112)
at org.testng.TestNG.run(TestNG.java:1079)
at org.testng.remote.AbstractRemoteTestNG.run(AbstractRemoteTestNG.java:115)
at org.testng.remote.RemoteTestNG.initAndRun(RemoteTestNG.java:293)
at org.testng.remote.RemoteTestNG.main(RemoteTestNG.java:91)
]]>
            </full-stacktrace>
          </exception> <!-- java.lang.AssertionError -->
          <reporter-output>
          </reporter-output>
        </test-method> <!-- verifyTopRatedAfterRefresh -->
        <test-method is-config="true" signature="returnToHome()[pri:0, instance:Home.HomeGeneralTest@747edf66]" started-at="2026-09-12T13:33:03 IST" name="returnToHome" finished-at="2026-09-12T13:33:03 IST" duration-ms="239" status="PASS">
          <reporter-output>
          </reporter-output>
        </test-method> <!-- returnToHome -->
        <test-method signature="verifyKidsWearAfterRefresh()[pri:21, instance:Home.HomeGeneralTest@747edf66]" started-at="2026-09-12T13:33:03 IST" name="verifyKidsWearAfterRefresh" finished-at="2026-09-12T13:33:04 IST" duration-ms="457" status="FAIL">
          <exception class="java.lang.AssertionError">
            <message>
              <![CDATA[Kids Wear page shows Page Not Found after refresh expected [false] but found [true]]]>
            </message>
            <full-stacktrace>
              <![CDATA[java.lang.AssertionError: Kids Wear page shows Page Not Found after refresh expected [false] but found [true]
at org.testng.Assert.fail(Assert.java:111)
at org.testng.Assert.failNotEquals(Assert.java:1590)
at org.testng.Assert.assertFalse(Assert.java:79)
at Home.HomeGeneralTest.verifyKidsWearAfterRefresh(HomeGeneralTest.java:614)
at java.base/jdk.internal.reflect.DirectMethodHandleAccessor.invoke(DirectMethodHandleAccessor.java:103)
at java.base/java.lang.reflect.Method.invoke(Method.java:580)
at org.testng.internal.invokers.MethodInvocationHelper.invokeMethod(MethodInvocationHelper.java:141)
at org.testng.internal.invokers.TestInvoker.invokeMethod(TestInvoker.java:687)
at org.testng.internal.invokers.TestInvoker.invokeTestMethod(TestInvoker.java:230)
at org.testng.internal.invokers.MethodRunner.runInSequence(MethodRunner.java:63)
at org.testng.internal.invokers.TestInvoker$MethodInvocationAgent.invoke(TestInvoker.java:995)
at org.testng.internal.invokers.TestInvoker.invokeTestMethods(TestInvoker.java:203)
at org.testng.internal.invokers.TestMethodWorker.invokeTestMethods(TestMethodWorker.java:154)
at org.testng.internal.invokers.TestMethodWorker.run(TestMethodWorker.java:134)
at java.base/java.util.ArrayList.forEach(ArrayList.java:1596)
at org.testng.TestRunner.privateRun(TestRunner.java:741)
at org.testng.TestRunner.run(TestRunner.java:616)
at org.testng.SuiteRunner.runTest(SuiteRunner.java:421)
at org.testng.SuiteRunner.runSequentially(SuiteRunner.java:413)
at org.testng.SuiteRunner.privateRun(SuiteRunner.java:373)
at org.testng.SuiteRunner.run(SuiteRunner.java:312)
at org.testng.SuiteRunnerWorker.runSuite(SuiteRunnerWorker.java:52)
at org.testng.SuiteRunnerWorker.run(SuiteRunnerWorker.java:95)
at org.testng.TestNG.runSuitesSequentially(TestNG.java:1274)
at org.testng.TestNG.runSuitesLocally(TestNG.java:1208)
at org.testng.TestNG.runSuites(TestNG.java:1112)
at org.testng.TestNG.run(TestNG.java:1079)
at org.testng.remote.AbstractRemoteTestNG.run(AbstractRemoteTestNG.java:115)
at org.testng.remote.RemoteTestNG.initAndRun(RemoteTestNG.java:293)
at org.testng.remote.RemoteTestNG.main(RemoteTestNG.java:91)
]]>
            </full-stacktrace>
          </exception> <!-- java.lang.AssertionError -->
          <reporter-output>
          </reporter-output>
        </test-method> <!-- verifyKidsWearAfterRefresh -->
        <test-method is-config="true" signature="returnToHome()[pri:0, instance:Home.HomeGeneralTest@747edf66]" started-at="2026-09-12T13:33:04 IST" name="returnToHome" finished-at="2026-09-12T13:33:04 IST" duration-ms="255" status="PASS">
          <reporter-output>
          </reporter-output>
        </test-method> <!-- returnToHome -->
        <test-method signature="verifyMensWearAfterRefresh()[pri:22, instance:Home.HomeGeneralTest@747edf66]" started-at="2026-09-12T13:33:04 IST" name="verifyMensWearAfterRefresh" finished-at="2026-09-12T13:33:04 IST" duration-ms="616" status="FAIL">
          <exception class="java.lang.AssertionError">
            <message>
              <![CDATA[Men's Wear page shows Page Not Found after refresh expected [false] but found [true]]]>
            </message>
            <full-stacktrace>
              <![CDATA[java.lang.AssertionError: Men's Wear page shows Page Not Found after refresh expected [false] but found [true]
at org.testng.Assert.fail(Assert.java:111)
at org.testng.Assert.failNotEquals(Assert.java:1590)
at org.testng.Assert.assertFalse(Assert.java:79)
at Home.HomeGeneralTest.verifyMensWearAfterRefresh(HomeGeneralTest.java:643)
at java.base/jdk.internal.reflect.DirectMethodHandleAccessor.invoke(DirectMethodHandleAccessor.java:103)
at java.base/java.lang.reflect.Method.invoke(Method.java:580)
at org.testng.internal.invokers.MethodInvocationHelper.invokeMethod(MethodInvocationHelper.java:141)
at org.testng.internal.invokers.TestInvoker.invokeMethod(TestInvoker.java:687)
at org.testng.internal.invokers.TestInvoker.invokeTestMethod(TestInvoker.java:230)
at org.testng.internal.invokers.MethodRunner.runInSequence(MethodRunner.java:63)
at org.testng.internal.invokers.TestInvoker$MethodInvocationAgent.invoke(TestInvoker.java:995)
at org.testng.internal.invokers.TestInvoker.invokeTestMethods(TestInvoker.java:203)
at org.testng.internal.invokers.TestMethodWorker.invokeTestMethods(TestMethodWorker.java:154)
at org.testng.internal.invokers.TestMethodWorker.run(TestMethodWorker.java:134)
at java.base/java.util.ArrayList.forEach(ArrayList.java:1596)
at org.testng.TestRunner.privateRun(TestRunner.java:741)
at org.testng.TestRunner.run(TestRunner.java:616)
at org.testng.SuiteRunner.runTest(SuiteRunner.java:421)
at org.testng.SuiteRunner.runSequentially(SuiteRunner.java:413)
at org.testng.SuiteRunner.privateRun(SuiteRunner.java:373)
at org.testng.SuiteRunner.run(SuiteRunner.java:312)
at org.testng.SuiteRunnerWorker.runSuite(SuiteRunnerWorker.java:52)
at org.testng.SuiteRunnerWorker.run(SuiteRunnerWorker.java:95)
at org.testng.TestNG.runSuitesSequentially(TestNG.java:1274)
at org.testng.TestNG.runSuitesLocally(TestNG.java:1208)
at org.testng.TestNG.runSuites(TestNG.java:1112)
at org.testng.TestNG.run(TestNG.java:1079)
at org.testng.remote.AbstractRemoteTestNG.run(AbstractRemoteTestNG.java:115)
at org.testng.remote.RemoteTestNG.initAndRun(RemoteTestNG.java:293)
at org.testng.remote.RemoteTestNG.main(RemoteTestNG.java:91)
]]>
            </full-stacktrace>
          </exception> <!-- java.lang.AssertionError -->
          <reporter-output>
          </reporter-output>
        </test-method> <!-- verifyMensWearAfterRefresh -->
        <test-method is-config="true" signature="returnToHome()[pri:0, instance:Home.HomeGeneralTest@747edf66]" started-at="2026-09-12T13:33:04 IST" name="returnToHome" finished-at="2026-09-12T13:33:05 IST" duration-ms="264" status="PASS">
          <reporter-output>
          </reporter-output>
        </test-method> <!-- returnToHome -->
        <test-method signature="verifyWomensWearAfterRefresh()[pri:23, instance:Home.HomeGeneralTest@747edf66]" started-at="2026-09-12T13:33:05 IST" name="verifyWomensWearAfterRefresh" finished-at="2026-09-12T13:33:06 IST" duration-ms="1236" status="FAIL">
          <exception class="java.lang.AssertionError">
            <message>
              <![CDATA[Women's Wear page shows Page Not Found after refresh expected [false] but found [true]]]>
            </message>
            <full-stacktrace>
              <![CDATA[java.lang.AssertionError: Women's Wear page shows Page Not Found after refresh expected [false] but found [true]
at org.testng.Assert.fail(Assert.java:111)
at org.testng.Assert.failNotEquals(Assert.java:1590)
at org.testng.Assert.assertFalse(Assert.java:79)
at Home.HomeGeneralTest.verifyWomensWearAfterRefresh(HomeGeneralTest.java:672)
at java.base/jdk.internal.reflect.DirectMethodHandleAccessor.invoke(DirectMethodHandleAccessor.java:103)
at java.base/java.lang.reflect.Method.invoke(Method.java:580)
at org.testng.internal.invokers.MethodInvocationHelper.invokeMethod(MethodInvocationHelper.java:141)
at org.testng.internal.invokers.TestInvoker.invokeMethod(TestInvoker.java:687)
at org.testng.internal.invokers.TestInvoker.invokeTestMethod(TestInvoker.java:230)
at org.testng.internal.invokers.MethodRunner.runInSequence(MethodRunner.java:63)
at org.testng.internal.invokers.TestInvoker$MethodInvocationAgent.invoke(TestInvoker.java:995)
at org.testng.internal.invokers.TestInvoker.invokeTestMethods(TestInvoker.java:203)
at org.testng.internal.invokers.TestMethodWorker.invokeTestMethods(TestMethodWorker.java:154)
at org.testng.internal.invokers.TestMethodWorker.run(TestMethodWorker.java:134)
at java.base/java.util.ArrayList.forEach(ArrayList.java:1596)
at org.testng.TestRunner.privateRun(TestRunner.java:741)
at org.testng.TestRunner.run(TestRunner.java:616)
at org.testng.SuiteRunner.runTest(SuiteRunner.java:421)
at org.testng.SuiteRunner.runSequentially(SuiteRunner.java:413)
at org.testng.SuiteRunner.privateRun(SuiteRunner.java:373)
at org.testng.SuiteRunner.run(SuiteRunner.java:312)
at org.testng.SuiteRunnerWorker.runSuite(SuiteRunnerWorker.java:52)
at org.testng.SuiteRunnerWorker.run(SuiteRunnerWorker.java:95)
at org.testng.TestNG.runSuitesSequentially(TestNG.java:1274)
at org.testng.TestNG.runSuitesLocally(TestNG.java:1208)
at org.testng.TestNG.runSuites(TestNG.java:1112)
at org.testng.TestNG.run(TestNG.java:1079)
at org.testng.remote.AbstractRemoteTestNG.run(AbstractRemoteTestNG.java:115)
at org.testng.remote.RemoteTestNG.initAndRun(RemoteTestNG.java:293)
at org.testng.remote.RemoteTestNG.main(RemoteTestNG.java:91)
]]>
            </full-stacktrace>
          </exception> <!-- java.lang.AssertionError -->
          <reporter-output>
          </reporter-output>
        </test-method> <!-- verifyWomensWearAfterRefresh -->
        <test-method is-config="true" signature="returnToHome()[pri:0, instance:Home.HomeGeneralTest@747edf66]" started-at="2026-09-12T13:33:06 IST" name="returnToHome" finished-at="2026-09-12T13:33:06 IST" duration-ms="233" status="PASS">
          <reporter-output>
          </reporter-output>
        </test-method> <!-- returnToHome -->
        <test-method signature="verifyAllProductsAfterRefresh()[pri:24, instance:Home.HomeGeneralTest@747edf66]" started-at="2026-09-12T13:33:06 IST" name="verifyAllProductsAfterRefresh" finished-at="2026-09-12T13:33:07 IST" duration-ms="536" status="FAIL">
          <exception class="java.lang.AssertionError">
            <message>
              <![CDATA[All Products page shows Page Not Found after refresh expected [false] but found [true]]]>
            </message>
            <full-stacktrace>
              <![CDATA[java.lang.AssertionError: All Products page shows Page Not Found after refresh expected [false] but found [true]
at org.testng.Assert.fail(Assert.java:111)
at org.testng.Assert.failNotEquals(Assert.java:1590)
at org.testng.Assert.assertFalse(Assert.java:79)
at Home.HomeGeneralTest.verifyAllProductsAfterRefresh(HomeGeneralTest.java:701)
at java.base/jdk.internal.reflect.DirectMethodHandleAccessor.invoke(DirectMethodHandleAccessor.java:103)
at java.base/java.lang.reflect.Method.invoke(Method.java:580)
at org.testng.internal.invokers.MethodInvocationHelper.invokeMethod(MethodInvocationHelper.java:141)
at org.testng.internal.invokers.TestInvoker.invokeMethod(TestInvoker.java:687)
at org.testng.internal.invokers.TestInvoker.invokeTestMethod(TestInvoker.java:230)
at org.testng.internal.invokers.MethodRunner.runInSequence(MethodRunner.java:63)
at org.testng.internal.invokers.TestInvoker$MethodInvocationAgent.invoke(TestInvoker.java:995)
at org.testng.internal.invokers.TestInvoker.invokeTestMethods(TestInvoker.java:203)
at org.testng.internal.invokers.TestMethodWorker.invokeTestMethods(TestMethodWorker.java:154)
at org.testng.internal.invokers.TestMethodWorker.run(TestMethodWorker.java:134)
at java.base/java.util.ArrayList.forEach(ArrayList.java:1596)
at org.testng.TestRunner.privateRun(TestRunner.java:741)
at org.testng.TestRunner.run(TestRunner.java:616)
at org.testng.SuiteRunner.runTest(SuiteRunner.java:421)
at org.testng.SuiteRunner.runSequentially(SuiteRunner.java:413)
at org.testng.SuiteRunner.privateRun(SuiteRunner.java:373)
at org.testng.SuiteRunner.run(SuiteRunner.java:312)
at org.testng.SuiteRunnerWorker.runSuite(SuiteRunnerWorker.java:52)
at org.testng.SuiteRunnerWorker.run(SuiteRunnerWorker.java:95)
at org.testng.TestNG.runSuitesSequentially(TestNG.java:1274)
at org.testng.TestNG.runSuitesLocally(TestNG.java:1208)
at org.testng.TestNG.runSuites(TestNG.java:1112)
at org.testng.TestNG.run(TestNG.java:1079)
at org.testng.remote.AbstractRemoteTestNG.run(AbstractRemoteTestNG.java:115)
at org.testng.remote.RemoteTestNG.initAndRun(RemoteTestNG.java:293)
at org.testng.remote.RemoteTestNG.main(RemoteTestNG.java:91)
]]>
            </full-stacktrace>
          </exception> <!-- java.lang.AssertionError -->
          <reporter-output>
          </reporter-output>
        </test-method> <!-- verifyAllProductsAfterRefresh -->
        <test-method is-config="true" signature="tearDown()[pri:0, instance:Home.HomeGeneralTest@747edf66]" started-at="2026-09-12T13:33:07 IST" name="tearDown" finished-at="2026-09-12T13:33:07 IST" duration-ms="234" status="PASS">
          <reporter-output>
          </reporter-output>
        </test-method> <!-- tearDown -->
      </class> <!-- Home.HomeGeneralTest -->
      <class name="Cart.CartGeneralTest">
        <test-method is-config="true" signature="setUp()[pri:0, instance:Cart.CartGeneralTest@2cd2a21f]" started-at="2026-09-12T13:33:50 IST" name="setUp" finished-at="2026-09-12T13:33:53 IST" duration-ms="2799" status="PASS">
          <reporter-output>
          </reporter-output>
        </test-method> <!-- setUp -->
        <test-method is-config="true" signature="resetTestState()[pri:0, instance:Cart.CartGeneralTest@2cd2a21f]" started-at="2026-09-12T13:33:53 IST" name="resetTestState" finished-at="2026-09-12T13:33:54 IST" duration-ms="562" status="PASS">
          <reporter-output>
          </reporter-output>
        </test-method> <!-- resetTestState -->
        <test-method signature="verifyAddProductToCart()[pri:1, instance:Cart.CartGeneralTest@2cd2a21f]" started-at="2026-09-12T13:33:54 IST" name="verifyAddProductToCart" finished-at="2026-09-12T13:33:54 IST" duration-ms="917" status="PASS">
          <reporter-output>
          </reporter-output>
        </test-method> <!-- verifyAddProductToCart -->
        <test-method is-config="true" signature="resetTestState()[pri:0, instance:Cart.CartGeneralTest@2cd2a21f]" started-at="2026-09-12T13:33:54 IST" name="resetTestState" finished-at="2026-09-12T13:33:58 IST" duration-ms="3155" status="PASS">
          <reporter-output>
          </reporter-output>
        </test-method> <!-- resetTestState -->
        <test-method signature="verifyCartNavigation()[pri:2, instance:Cart.CartGeneralTest@2cd2a21f]" started-at="2026-09-12T13:33:58 IST" name="verifyCartNavigation" finished-at="2026-09-12T13:33:59 IST" duration-ms="884" status="PASS">
          <reporter-output>
          </reporter-output>
        </test-method> <!-- verifyCartNavigation -->
        <test-method is-config="true" signature="resetTestState()[pri:0, instance:Cart.CartGeneralTest@2cd2a21f]" started-at="2026-09-12T13:33:59 IST" name="resetTestState" finished-at="2026-09-12T13:34:01 IST" duration-ms="2484" status="PASS">
          <reporter-output>
          </reporter-output>
        </test-method> <!-- resetTestState -->
        <test-method signature="verifyIncreaseQuantity()[pri:3, instance:Cart.CartGeneralTest@2cd2a21f]" started-at="2026-09-12T13:34:01 IST" name="verifyIncreaseQuantity" finished-at="2026-09-12T13:34:03 IST" duration-ms="1489" status="PASS">
          <reporter-output>
          </reporter-output>
        </test-method> <!-- verifyIncreaseQuantity -->
        <test-method is-config="true" signature="resetTestState()[pri:0, instance:Cart.CartGeneralTest@2cd2a21f]" started-at="2026-09-12T13:34:03 IST" name="resetTestState" finished-at="2026-09-12T13:34:04 IST" duration-ms="1358" status="PASS">
          <reporter-output>
          </reporter-output>
        </test-method> <!-- resetTestState -->
        <test-method signature="verifyDecreaseQuantity()[pri:4, instance:Cart.CartGeneralTest@2cd2a21f]" started-at="2026-09-12T13:34:04 IST" name="verifyDecreaseQuantity" finished-at="2026-09-12T13:34:06 IST" duration-ms="2063" status="PASS">
          <reporter-output>
          </reporter-output>
        </test-method> <!-- verifyDecreaseQuantity -->
        <test-method is-config="true" signature="resetTestState()[pri:0, instance:Cart.CartGeneralTest@2cd2a21f]" started-at="2026-09-12T13:34:06 IST" name="resetTestState" finished-at="2026-09-12T13:34:06 IST" duration-ms="460" status="PASS">
          <reporter-output>
          </reporter-output>
        </test-method> <!-- resetTestState -->
        <test-method signature="verifyRemoveProduct()[pri:5, instance:Cart.CartGeneralTest@2cd2a21f]" started-at="2026-09-12T13:34:06 IST" name="verifyRemoveProduct" finished-at="2026-09-12T13:34:08 IST" duration-ms="1630" status="PASS">
          <reporter-output>
          </reporter-output>
        </test-method> <!-- verifyRemoveProduct -->
        <test-method is-config="true" signature="resetTestState()[pri:0, instance:Cart.CartGeneralTest@2cd2a21f]" started-at="2026-09-12T13:34:08 IST" name="resetTestState" finished-at="2026-09-12T13:34:08 IST" duration-ms="468" status="PASS">
          <reporter-output>
          </reporter-output>
        </test-method> <!-- resetTestState -->
        <test-method signature="verifyMultipleQuantity()[pri:6, instance:Cart.CartGeneralTest@2cd2a21f]" started-at="2026-09-12T13:34:08 IST" name="verifyMultipleQuantity" finished-at="2026-09-12T13:34:10 IST" duration-ms="1924" status="PASS">
          <reporter-output>
          </reporter-output>
        </test-method> <!-- verifyMultipleQuantity -->
        <test-method is-config="true" signature="resetTestState()[pri:0, instance:Cart.CartGeneralTest@2cd2a21f]" started-at="2026-09-12T13:34:10 IST" name="resetTestState" finished-at="2026-09-12T13:34:13 IST" duration-ms="2577" status="PASS">
          <reporter-output>
          </reporter-output>
        </test-method> <!-- resetTestState -->
        <test-method signature="verifyTotalItemsUpdate()[pri:7, instance:Cart.CartGeneralTest@2cd2a21f]" started-at="2026-09-12T13:34:13 IST" name="verifyTotalItemsUpdate" finished-at="2026-09-12T13:34:14 IST" duration-ms="1432" status="PASS">
          <reporter-output>
          </reporter-output>
        </test-method> <!-- verifyTotalItemsUpdate -->
        <test-method is-config="true" signature="resetTestState()[pri:0, instance:Cart.CartGeneralTest@2cd2a21f]" started-at="2026-09-12T13:34:14 IST" name="resetTestState" finished-at="2026-09-12T13:34:15 IST" duration-ms="723" status="PASS">
          <reporter-output>
          </reporter-output>
        </test-method> <!-- resetTestState -->
        <test-method signature="verifyTotalPriceUpdate()[pri:8, instance:Cart.CartGeneralTest@2cd2a21f]" started-at="2026-09-12T13:34:15 IST" name="verifyTotalPriceUpdate" finished-at="2026-09-12T13:34:17 IST" duration-ms="1447" status="PASS">
          <reporter-output>
          </reporter-output>
        </test-method> <!-- verifyTotalPriceUpdate -->
        <test-method is-config="true" signature="resetTestState()[pri:0, instance:Cart.CartGeneralTest@2cd2a21f]" started-at="2026-09-12T13:34:17 IST" name="resetTestState" finished-at="2026-09-12T13:34:17 IST" duration-ms="718" status="PASS">
          <reporter-output>
          </reporter-output>
        </test-method> <!-- resetTestState -->
[...]
            <full-stacktrace>
              <![CDATA[java.lang.AssertionError: DEFECT in CHK_VAL_15 - Blank CVC: Invalid/blank data was accepted. expected [true] but found [false]
at org.testng.Assert.fail(Assert.java:111)
at org.testng.Assert.failNotEquals(Assert.java:1590)
at org.testng.Assert.assertTrue(Assert.java:57)
at Checkout.CheckoutValidationTest.verifyValidationRejected(CheckoutValidationTest.java:385)
at Checkout.CheckoutValidationTest.validateBlankCVC(CheckoutValidationTest.java:755)
at java.base/jdk.internal.reflect.DirectMethodHandleAccessor.invoke(DirectMethodHandleAccessor.java:103)
at java.base/java.lang.reflect.Method.invoke(Method.java:580)
at org.testng.internal.invokers.MethodInvocationHelper.invokeMethod(MethodInvocationHelper.java:141)
at org.testng.internal.invokers.TestInvoker.invokeMethod(TestInvoker.java:687)
at org.testng.internal.invokers.TestInvoker.invokeTestMethod(TestInvoker.java:230)
at org.testng.internal.invokers.MethodRunner.runInSequence(MethodRunner.java:63)
at org.testng.internal.invokers.TestInvoker$MethodInvocationAgent.invoke(TestInvoker.java:995)
at org.testng.internal.invokers.TestInvoker.invokeTestMethods(TestInvoker.java:203)
at org.testng.internal.invokers.TestMethodWorker.invokeTestMethods(TestMethodWorker.java:154)
at org.testng.internal.invokers.TestMethodWorker.run(TestMethodWorker.java:134)
at java.base/java.util.ArrayList.forEach(ArrayList.java:1596)
at org.testng.TestRunner.privateRun(TestRunner.java:741)
at org.testng.TestRunner.run(TestRunner.java:616)
at org.testng.SuiteRunner.runTest(SuiteRunner.java:421)
at org.testng.SuiteRunner.runSequentially(SuiteRunner.java:413)
at org.testng.SuiteRunner.privateRun(SuiteRunner.java:373)
at org.testng.SuiteRunner.run(SuiteRunner.java:312)
at org.testng.SuiteRunnerWorker.runSuite(SuiteRunnerWorker.java:52)
at org.testng.SuiteRunnerWorker.run(SuiteRunnerWorker.java:95)
at org.testng.TestNG.runSuitesSequentially(TestNG.java:1274)
at org.testng.TestNG.runSuitesLocally(TestNG.java:1208)
at org.testng.TestNG.runSuites(TestNG.java:1112)
at org.testng.TestNG.run(TestNG.java:1079)
at org.testng.remote.AbstractRemoteTestNG.run(AbstractRemoteTestNG.java:115)
at org.testng.remote.RemoteTestNG.initAndRun(RemoteTestNG.java:293)
at org.testng.remote.RemoteTestNG.main(RemoteTestNG.java:91)
]]>
            </full-stacktrace>
          </exception> <!-- java.lang.AssertionError -->
          <reporter-output>
          </reporter-output>
        </test-method> <!-- validateBlankCVC -->
        <test-method is-config="true" signature="resetTestState()[pri:0, instance:Checkout.CheckoutValidationTest@69e1dd28]" started-at="2026-09-12T13:40:07 IST" name="resetTestState" finished-at="2026-09-12T13:40:07 IST" duration-ms="744" status="PASS">
          <reporter-output>
          </reporter-output>
        </test-method> <!-- resetTestState -->
        <test-method signature="validateInvalidCVC()[pri:16, instance:Checkout.CheckoutValidationTest@69e1dd28]" started-at="2026-09-12T13:40:07 IST" name="validateInvalidCVC" finished-at="2026-09-12T13:40:10 IST" duration-ms="2204" status="FAIL">
          <exception class="java.lang.AssertionError">
            <message>
              <![CDATA[DEFECT in CHK_VAL_16 - Invalid CVC: Invalid/blank data was accepted. expected [true] but found [false]]]>
            </message>
            <full-stacktrace>
              <![CDATA[java.lang.AssertionError: DEFECT in CHK_VAL_16 - Invalid CVC: Invalid/blank data was accepted. expected [true] but found [false]
at org.testng.Assert.fail(Assert.java:111)
at org.testng.Assert.failNotEquals(Assert.java:1590)
at org.testng.Assert.assertTrue(Assert.java:57)
at Checkout.CheckoutValidationTest.verifyValidationRejected(CheckoutValidationTest.java:385)
at Checkout.CheckoutValidationTest.validateInvalidCVC(CheckoutValidationTest.java:779)
at java.base/jdk.internal.reflect.DirectMethodHandleAccessor.invoke(DirectMethodHandleAccessor.java:103)
at java.base/java.lang.reflect.Method.invoke(Method.java:580)
at org.testng.internal.invokers.MethodInvocationHelper.invokeMethod(MethodInvocationHelper.java:141)
at org.testng.internal.invokers.TestInvoker.invokeMethod(TestInvoker.java:687)
at org.testng.internal.invokers.TestInvoker.invokeTestMethod(TestInvoker.java:230)
at org.testng.internal.invokers.MethodRunner.runInSequence(MethodRunner.java:63)
at org.testng.internal.invokers.TestInvoker$MethodInvocationAgent.invoke(TestInvoker.java:995)
at org.testng.internal.invokers.TestInvoker.invokeTestMethods(TestInvoker.java:203)
at org.testng.internal.invokers.TestMethodWorker.invokeTestMethods(TestMethodWorker.java:154)
at org.testng.internal.invokers.TestMethodWorker.run(TestMethodWorker.java:134)
at java.base/java.util.ArrayList.forEach(ArrayList.java:1596)
at org.testng.TestRunner.privateRun(TestRunner.java:741)
at org.testng.TestRunner.run(TestRunner.java:616)
at org.testng.SuiteRunner.runTest(SuiteRunner.java:421)
at org.testng.SuiteRunner.runSequentially(SuiteRunner.java:413)
at org.testng.SuiteRunner.privateRun(SuiteRunner.java:373)
at org.testng.SuiteRunner.run(SuiteRunner.java:312)
at org.testng.SuiteRunnerWorker.runSuite(SuiteRunnerWorker.java:52)
at org.testng.SuiteRunnerWorker.run(SuiteRunnerWorker.java:95)
at org.testng.TestNG.runSuitesSequentially(TestNG.java:1274)
at org.testng.TestNG.runSuitesLocally(TestNG.java:1208)
at org.testng.TestNG.runSuites(TestNG.java:1112)
at org.testng.TestNG.run(TestNG.java:1079)
at org.testng.remote.AbstractRemoteTestNG.run(AbstractRemoteTestNG.java:115)
at org.testng.remote.RemoteTestNG.initAndRun(RemoteTestNG.java:293)
at org.testng.remote.RemoteTestNG.main(RemoteTestNG.java:91)
]]>
            </full-stacktrace>
          </exception> <!-- java.lang.AssertionError -->
          <reporter-output>
          </reporter-output>
        </test-method> <!-- validateInvalidCVC -->
        <test-method is-config="true" signature="resetTestState()[pri:0, instance:Checkout.CheckoutValidationTest@69e1dd28]" started-at="2026-09-12T13:40:10 IST" name="resetTestState" finished-at="2026-09-12T13:40:10 IST" duration-ms="754" status="PASS">
          <reporter-output>
          </reporter-output>
        </test-method> <!-- resetTestState -->
        <test-method signature="validateAlphabeticCVC()[pri:17, instance:Checkout.CheckoutValidationTest@69e1dd28]" started-at="2026-09-12T13:40:10 IST" name="validateAlphabeticCVC" finished-at="2026-09-12T13:40:13 IST" duration-ms="2237" status="FAIL">
          <exception class="java.lang.AssertionError">
            <message>
              <![CDATA[DEFECT in CHK_VAL_17 - Alphabetic CVC: Invalid/blank data was accepted. expected [true] but found [false]]]>
            </message>
            <full-stacktrace>
              <![CDATA[java.lang.AssertionError: DEFECT in CHK_VAL_17 - Alphabetic CVC: Invalid/blank data was accepted. expected [true] but found [false]
at org.testng.Assert.fail(Assert.java:111)
at org.testng.Assert.failNotEquals(Assert.java:1590)
at org.testng.Assert.assertTrue(Assert.java:57)
at Checkout.CheckoutValidationTest.verifyValidationRejected(CheckoutValidationTest.java:385)
at Checkout.CheckoutValidationTest.validateAlphabeticCVC(CheckoutValidationTest.java:803)
at java.base/jdk.internal.reflect.DirectMethodHandleAccessor.invoke(DirectMethodHandleAccessor.java:103)
at java.base/java.lang.reflect.Method.invoke(Method.java:580)
at org.testng.internal.invokers.MethodInvocationHelper.invokeMethod(MethodInvocationHelper.java:141)
at org.testng.internal.invokers.TestInvoker.invokeMethod(TestInvoker.java:687)
at org.testng.internal.invokers.TestInvoker.invokeTestMethod(TestInvoker.java:230)
at org.testng.internal.invokers.MethodRunner.runInSequence(MethodRunner.java:63)
at org.testng.internal.invokers.TestInvoker$MethodInvocationAgent.invoke(TestInvoker.java:995)
at org.testng.internal.invokers.TestInvoker.invokeTestMethods(TestInvoker.java:203)
at org.testng.internal.invokers.TestMethodWorker.invokeTestMethods(TestMethodWorker.java:154)
at org.testng.internal.invokers.TestMethodWorker.run(TestMethodWorker.java:134)
at java.base/java.util.ArrayList.forEach(ArrayList.java:1596)
at org.testng.TestRunner.privateRun(TestRunner.java:741)
at org.testng.TestRunner.run(TestRunner.java:616)
at org.testng.SuiteRunner.runTest(SuiteRunner.java:421)
at org.testng.SuiteRunner.runSequentially(SuiteRunner.java:413)
at org.testng.SuiteRunner.privateRun(SuiteRunner.java:373)
at org.testng.SuiteRunner.run(SuiteRunner.java:312)
at org.testng.SuiteRunnerWorker.runSuite(SuiteRunnerWorker.java:52)
at org.testng.SuiteRunnerWorker.run(SuiteRunnerWorker.java:95)
at org.testng.TestNG.runSuitesSequentially(TestNG.java:1274)
at org.testng.TestNG.runSuitesLocally(TestNG.java:1208)
at org.testng.TestNG.runSuites(TestNG.java:1112)
at org.testng.TestNG.run(TestNG.java:1079)
at org.testng.remote.AbstractRemoteTestNG.run(AbstractRemoteTestNG.java:115)
at org.testng.remote.RemoteTestNG.initAndRun(RemoteTestNG.java:293)
at org.testng.remote.RemoteTestNG.main(RemoteTestNG.java:91)
]]>
            </full-stacktrace>
          </exception> <!-- java.lang.AssertionError -->
          <reporter-output>
          </reporter-output>
        </test-method> <!-- validateAlphabeticCVC -->
        <test-method is-config="true" signature="resetTestState()[pri:0, instance:Checkout.CheckoutValidationTest@69e1dd28]" started-at="2026-09-12T13:40:13 IST" name="resetTestState" finished-at="2026-09-12T13:40:23 IST" duration-ms="10263" status="PASS">
          <reporter-output>
          </reporter-output>
        </test-method> <!-- resetTestState -->
        <test-method signature="validateAllShippingFieldsBlank()[pri:18, instance:Checkout.CheckoutValidationTest@69e1dd28]" started-at="2026-09-12T13:40:23 IST" name="validateAllShippingFieldsBlank" finished-at="2026-09-12T13:40:26 IST" duration-ms="3517" status="FAIL">
          <exception class="java.lang.AssertionError">
            <message>
              <![CDATA[DEFECT in CHK_VAL_18 - All Shipping Fields Blank: Invalid/blank data was accepted. expected [true] but found [false]]]>
            </message>
            <full-stacktrace>
              <![CDATA[java.lang.AssertionError: DEFECT in CHK_VAL_18 - All Shipping Fields Blank: Invalid/blank data was accepted. expected [true] but found [false]
at org.testng.Assert.fail(Assert.java:111)
at org.testng.Assert.failNotEquals(Assert.java:1590)
at org.testng.Assert.assertTrue(Assert.java:57)
at Checkout.CheckoutValidationTest.verifyValidationRejected(CheckoutValidationTest.java:385)
at Checkout.CheckoutValidationTest.validateAllShippingFieldsBlank(CheckoutValidationTest.java:829)
at java.base/jdk.internal.reflect.DirectMethodHandleAccessor.invoke(DirectMethodHandleAccessor.java:103)
at java.base/java.lang.reflect.Method.invoke(Method.java:580)
at org.testng.internal.invokers.MethodInvocationHelper.invokeMethod(MethodInvocationHelper.java:141)
at org.testng.internal.invokers.TestInvoker.invokeMethod(TestInvoker.java:687)
at org.testng.internal.invokers.TestInvoker.invokeTestMethod(TestInvoker.java:230)
at org.testng.internal.invokers.MethodRunner.runInSequence(MethodRunner.java:63)
at org.testng.internal.invokers.TestInvoker$MethodInvocationAgent.invoke(TestInvoker.java:995)
at org.testng.internal.invokers.TestInvoker.invokeTestMethods(TestInvoker.java:203)
at org.testng.internal.invokers.TestMethodWorker.invokeTestMethods(TestMethodWorker.java:154)
at org.testng.internal.invokers.TestMethodWorker.run(TestMethodWorker.java:134)
at java.base/java.util.ArrayList.forEach(ArrayList.java:1596)
at org.testng.TestRunner.privateRun(TestRunner.java:741)
at org.testng.TestRunner.run(TestRunner.java:616)
at org.testng.SuiteRunner.runTest(SuiteRunner.java:421)
at org.testng.SuiteRunner.runSequentially(SuiteRunner.java:413)
at org.testng.SuiteRunner.privateRun(SuiteRunner.java:373)
at org.testng.SuiteRunner.run(SuiteRunner.java:312)
at org.testng.SuiteRunnerWorker.runSuite(SuiteRunnerWorker.java:52)
at org.testng.SuiteRunnerWorker.run(SuiteRunnerWorker.java:95)
at org.testng.TestNG.runSuitesSequentially(TestNG.java:1274)
at org.testng.TestNG.runSuitesLocally(TestNG.java:1208)
at org.testng.TestNG.runSuites(TestNG.java:1112)
at org.testng.TestNG.run(TestNG.java:1079)
at org.testng.remote.AbstractRemoteTestNG.run(AbstractRemoteTestNG.java:115)
at org.testng.remote.RemoteTestNG.initAndRun(RemoteTestNG.java:293)
at org.testng.remote.RemoteTestNG.main(RemoteTestNG.java:91)
]]>
            </full-stacktrace>
          </exception> <!-- java.lang.AssertionError -->
          <reporter-output>
          </reporter-output>
        </test-method> <!-- validateAllShippingFieldsBlank -->
        <test-method is-config="true" signature="resetTestState()[pri:0, instance:Checkout.CheckoutValidationTest@69e1dd28]" started-at="2026-09-12T13:40:26 IST" name="resetTestState" finished-at="2026-09-12T13:40:27 IST" duration-ms="655" status="PASS">
          <reporter-output>
          </reporter-output>
        </test-method> <!-- resetTestState -->
        <test-method signature="validateAllPaymentFieldsBlank()[pri:19, instance:Checkout.CheckoutValidationTest@69e1dd28]" started-at="2026-09-12T13:40:27 IST" name="validateAllPaymentFieldsBlank" finished-at="2026-09-12T13:40:30 IST" duration-ms="2903" status="FAIL">
          <exception class="java.lang.AssertionError">
            <message>
              <![CDATA[DEFECT in CHK_VAL_19 - All Payment Fields Blank: Invalid/blank data was accepted. expected [true] but found [false]]]>
            </message>
            <full-stacktrace>
              <![CDATA[java.lang.AssertionError: DEFECT in CHK_VAL_19 - All Payment Fields Blank: Invalid/blank data was accepted. expected [true] but found [false]
at org.testng.Assert.fail(Assert.java:111)
at org.testng.Assert.failNotEquals(Assert.java:1590)
at org.testng.Assert.assertTrue(Assert.java:57)
at Checkout.CheckoutValidationTest.verifyValidationRejected(CheckoutValidationTest.java:385)
at Checkout.CheckoutValidationTest.validateAllPaymentFieldsBlank(CheckoutValidationTest.java:853)
at java.base/jdk.internal.reflect.DirectMethodHandleAccessor.invoke(DirectMethodHandleAccessor.java:103)
at java.base/java.lang.reflect.Method.invoke(Method.java:580)
at org.testng.internal.invokers.MethodInvocationHelper.invokeMethod(MethodInvocationHelper.java:141)
at org.testng.internal.invokers.TestInvoker.invokeMethod(TestInvoker.java:687)
at org.testng.internal.invokers.TestInvoker.invokeTestMethod(TestInvoker.java:230)
at org.testng.internal.invokers.MethodRunner.runInSequence(MethodRunner.java:63)
at org.testng.internal.invokers.TestInvoker$MethodInvocationAgent.invoke(TestInvoker.java:995)
at org.testng.internal.invokers.TestInvoker.invokeTestMethods(TestInvoker.java:203)
at org.testng.internal.invokers.TestMethodWorker.invokeTestMethods(TestMethodWorker.java:154)
at org.testng.internal.invokers.TestMethodWorker.run(TestMethodWorker.java:134)
at java.base/java.util.ArrayList.forEach(ArrayList.java:1596)
at org.testng.TestRunner.privateRun(TestRunner.java:741)
at org.testng.TestRunner.run(TestRunner.java:616)
at org.testng.SuiteRunner.runTest(SuiteRunner.java:421)
at org.testng.SuiteRunner.runSequentially(SuiteRunner.java:413)
at org.testng.SuiteRunner.privateRun(SuiteRunner.java:373)
at org.testng.SuiteRunner.run(SuiteRunner.java:312)
at org.testng.SuiteRunnerWorker.runSuite(SuiteRunnerWorker.java:52)
at org.testng.SuiteRunnerWorker.run(SuiteRunnerWorker.java:95)
at org.testng.TestNG.runSuitesSequentially(TestNG.java:1274)
at org.testng.TestNG.runSuitesLocally(TestNG.java:1208)
at org.testng.TestNG.runSuites(TestNG.java:1112)
at org.testng.TestNG.run(TestNG.java:1079)
at org.testng.remote.AbstractRemoteTestNG.run(AbstractRemoteTestNG.java:115)
at org.testng.remote.RemoteTestNG.initAndRun(RemoteTestNG.java:293)
at org.testng.remote.RemoteTestNG.main(RemoteTestNG.java:91)
]]>
            </full-stacktrace>
          </exception> <!-- java.lang.AssertionError -->
          <reporter-output>
          </reporter-output>
        </test-method> <!-- validateAllPaymentFieldsBlank -->
        <test-method is-config="true" signature="resetTestState()[pri:0, instance:Checkout.CheckoutValidationTest@69e1dd28]" started-at="2026-09-12T13:40:30 IST" name="resetTestState" finished-at="2026-09-12T13:40:31 IST" duration-ms="687" status="PASS">
          <reporter-output>
          </reporter-output>
        </test-method> <!-- resetTestState -->
        <test-method signature="validateAllFieldsBlank()[pri:20, instance:Checkout.CheckoutValidationTest@69e1dd28]" started-at="2026-09-12T13:40:31 IST" name="validateAllFieldsBlank" finished-at="2026-09-12T13:40:35 IST" duration-ms="4484" status="FAIL">
          <exception class="java.lang.AssertionError">
            <message>
              <![CDATA[DEFECT in CHK_VAL_20 - All Checkout Fields Blank: Invalid/blank data was accepted. expected [true] but found [false]]]>
            </message>
            <full-stacktrace>
              <![CDATA[java.lang.AssertionError: DEFECT in CHK_VAL_20 - All Checkout Fields Blank: Invalid/blank data was accepted. expected [true] but found [false]
at org.testng.Assert.fail(Assert.java:111)
at org.testng.Assert.failNotEquals(Assert.java:1590)
at org.testng.Assert.assertTrue(Assert.java:57)
at Checkout.CheckoutValidationTest.verifyValidationRejected(CheckoutValidationTest.java:385)
at Checkout.CheckoutValidationTest.validateAllFieldsBlank(CheckoutValidationTest.java:942)
at java.base/jdk.internal.reflect.DirectMethodHandleAccessor.invoke(DirectMethodHandleAccessor.java:103)
at java.base/java.lang.reflect.Method.invoke(Method.java:580)
at org.testng.internal.invokers.MethodInvocationHelper.invokeMethod(MethodInvocationHelper.java:141)
at org.testng.internal.invokers.TestInvoker.invokeMethod(TestInvoker.java:687)
at org.testng.internal.invokers.TestInvoker.invokeTestMethod(TestInvoker.java:230)
at org.testng.internal.invokers.MethodRunner.runInSequence(MethodRunner.java:63)
at org.testng.internal.invokers.TestInvoker$MethodInvocationAgent.invoke(TestInvoker.java:995)
at org.testng.internal.invokers.TestInvoker.invokeTestMethods(TestInvoker.java:203)
at org.testng.internal.invokers.TestMethodWorker.invokeTestMethods(TestMethodWorker.java:154)
at org.testng.internal.invokers.TestMethodWorker.run(TestMethodWorker.java:134)
at java.base/java.util.ArrayList.forEach(ArrayList.java:1596)
at org.testng.TestRunner.privateRun(TestRunner.java:741)
at org.testng.TestRunner.run(TestRunner.java:616)
at org.testng.SuiteRunner.runTest(SuiteRunner.java:421)
at org.testng.SuiteRunner.runSequentially(SuiteRunner.java:413)
at org.testng.SuiteRunner.privateRun(SuiteRunner.java:373)
at org.testng.SuiteRunner.run(SuiteRunner.java:312)
at org.testng.SuiteRunnerWorker.runSuite(SuiteRunnerWorker.java:52)
at org.testng.SuiteRunnerWorker.run(SuiteRunnerWorker.java:95)
at org.testng.TestNG.runSuitesSequentially(TestNG.java:1274)
at org.testng.TestNG.runSuitesLocally(TestNG.java:1208)
at org.testng.TestNG.runSuites(TestNG.java:1112)
at org.testng.TestNG.run(TestNG.java:1079)
at org.testng.remote.AbstractRemoteTestNG.run(AbstractRemoteTestNG.java:115)
at org.testng.remote.RemoteTestNG.initAndRun(RemoteTestNG.java:293)
at org.testng.remote.RemoteTestNG.main(RemoteTestNG.java:91)
]]>
            </full-stacktrace>
          </exception> <!-- java.lang.AssertionError -->
          <reporter-output>
          </reporter-output>
        </test-method> <!-- validateAllFieldsBlank -->
        <test-method is-config="true" signature="tearDown()[pri:0, instance:Checkout.CheckoutValidationTest@69e1dd28]" started-at="2026-09-12T13:40:35 IST" name="tearDown" finished-at="2026-09-12T13:40:35 IST" duration-ms="237" status="PASS">
          <reporter-output>
          </reporter-output>
        </test-method> <!-- tearDown -->
      </class> <!-- Checkout.CheckoutValidationTest -->
    </test> <!-- HexaClothes Tests -->
  </suite> <!-- HexaClothes Test Suite -->
</testng-results>
