<?xml version="1.0" encoding="UTF-8"?>
<!-- Generated by org.testng.reporters.JUnitXMLReporter -->
<testsuite ignored="0" hostname="DESKTOP-LEGR2RP" failures="47" tests="276" name="HexaClothes Tests" time="859.051" errors="0" timestamp="2026-09-12T13:40:41 IST">
  <testcase classname="Login.LoginGeneralTest" name="login_02_validLogin" time="5.525"/>
  <testcase classname="Login.LoginGeneralTest" name="login_09_unregisteredEmail" time="4.692">
    <failure type="java.lang.AssertionError" message="Unregistered email was accepted expected [false] but found [true]">
      <![CDATA[java.lang.AssertionError: Unregistered email was accepted expected [false] but found [true]
at Login.LoginGeneralTest.login_09_unregisteredEmail(LoginGeneralTest.java:273)
at java.base/java.util.ArrayList.forEach(ArrayList.java:1596)
... Removed 28 stack frames]]>
    </failure>
  </testcase> <!-- login_09_unregisteredEmail -->
  <testcase classname="Login.LoginGeneralTest" name="login_10_incorrectPassword" time="4.667">
    <failure type="java.lang.AssertionError" message="Incorrect password was accepted expected [false] but found [true]">
      <![CDATA[java.lang.AssertionError: Incorrect password was accepted expected [false] but found [true]
at Login.LoginGeneralTest.login_10_incorrectPassword(LoginGeneralTest.java:312)
at java.base/java.util.ArrayList.forEach(ArrayList.java:1596)
... Removed 28 stack frames]]>
    </failure>
  </testcase> <!-- login_10_incorrectPassword -->
  <testcase classname="Login.LoginGeneralTest" name="login_11_randomEmailAndPassword" time="4.674">
    <failure type="java.lang.AssertionError" message="Random email and password were accepted expected [false] but found [true]">
      <![CDATA[java.lang.AssertionError: Random email and password were accepted expected [false] but found [true]
at Login.LoginGeneralTest.login_11_randomEmailAndPassword(LoginGeneralTest.java:351)
at java.base/java.util.ArrayList.forEach(ArrayList.java:1596)
... Removed 28 stack frames]]>
    </failure>
  </testcase> <!-- login_11_randomEmailAndPassword -->
  <testcase classname="Login.LoginGeneralTest" name="login_28_uppercaseEmail" time="4.687"/>
  <testcase classname="Login.LoginGeneralTest" name="login_29_leadingSpacesInEmail" time="4.718"/>
  <testcase classname="Login.LoginGeneralTest" name="login_30_trailingSpacesInEmail" time="4.677"/>
  <testcase classname="Login.LoginGeneralTest" name="login_37_passwordContainingSpaces" time="4.724"/>
  <testcase classname="Login.LoginGeneralTest" name="login_38_specialCharacterPassword" time="4.684"/>
  <testcase classname="Login.LoginGeneralTest" name="login_39_numericOnlyPassword" time="4.755"/>
  <testcase classname="Login.LoginGeneralTest" name="login_40_oneCharacterPassword" time="4.675">
    <failure type="java.lang.AssertionError" message="One-character password was accepted expected [false] but found [true]">
      <![CDATA[java.lang.AssertionError: One-character password was accepted expected [false] but found [true]
at Login.LoginGeneralTest.login_40_oneCharacterPassword(LoginGeneralTest.java:624)
at java.base/java.util.ArrayList.forEach(ArrayList.java:1596)
... Removed 28 stack frames]]>
    </failure>
  </testcase> <!-- login_40_oneCharacterPassword -->
  <testcase classname="Login.LoginGeneralTest" name="login_49_validInput" time="4.675"/>
  <testcase classname="Login.LoginGeneralTest" name="login_50_invalidInput" time="14.643"/>
  <testcase classname="Login.LoginGeneralTest" name="loginUsingExcel" time="5.622"/>
  <testcase classname="Login.LoginGeneralTest" name="loginUsingExcel" time="15.685"/>
  <testcase classname="Login.LoginGeneralTest" name="loginUsingExcel" time="15.59"/>
  <testcase classname="Login.LoginGeneralTest" name="loginUsingExcel" time="15.601"/>
  <testcase classname="Login.LoginGeneralTest" name="loginUsingExcel" time="5.705">
    <failure type="java.lang.AssertionError" message="LOGIN_09: Invalid credentials were accepted expected [false] but found [true]">
      <![CDATA[java.lang.AssertionError: LOGIN_09: Invalid credentials were accepted expected [false] but found [true]
at Login.LoginGeneralTest.loginUsingExcel(LoginGeneralTest.java:795)
at java.base/java.util.ArrayList.forEach(ArrayList.java:1596)
... Removed 28 stack frames]]>
    </failure>
  </testcase> <!-- loginUsingExcel -->
  <testcase classname="Login.LoginGeneralTest" name="loginUsingExcel" time="5.708">
    <failure type="java.lang.AssertionError" message="LOGIN_10: Invalid credentials were accepted expected [false] but found [true]">
      <![CDATA[java.lang.AssertionError: LOGIN_10: Invalid credentials were accepted expected [false] but found [true]
at Login.LoginGeneralTest.loginUsingExcel(LoginGeneralTest.java:795)
at java.base/java.util.ArrayList.forEach(ArrayList.java:1596)
... Removed 28 stack frames]]>
    </failure>
  </testcase> <!-- loginUsingExcel -->
  <testcase classname="Login.LoginGeneralTest" name="loginUsingExcel" time="5.72">
    <failure type="java.lang.AssertionError" message="LOGIN_11: Invalid credentials were accepted expected [false] but found [true]">
      <![CDATA[java.lang.AssertionError: LOGIN_11: Invalid credentials were accepted expected [false] but found [true]
at Login.LoginGeneralTest.loginUsingExcel(LoginGeneralTest.java:795)
at java.base/java.util.ArrayList.forEach(ArrayList.java:1596)
... Removed 28 stack frames]]>
    </failure>
  </testcase> <!-- loginUsingExcel -->
  <testcase classname="Login.LoginValidationTest" name="login_03_invalidEmailFormat" time="10.578"/>
  <testcase classname="Login.LoginValidationTest" name="login_04_blankEmail" time="11.758"/>
  <testcase classname="Login.LoginValidationTest" name="login_05_bothFieldsBlank" time="10.472"/>
  <testcase classname="Login.LoginValidationTest" name="login_06_blankPassword" time="10.526"/>
  <testcase classname="Login.LoginValidationTest" name="login_12_spacesOnlyInEmail" time="10.523"/>
  <testcase classname="Login.LoginValidationTest" name="login_13_spacesOnlyInPassword" time="0.528">
    <failure type="java.lang.AssertionError" message="DEFECT: Spaces-only password was accepted expected [false] but found [true]">
      <![CDATA[java.lang.AssertionError: DEFECT: Spaces-only password was accepted expected [false] but found [true]
at Login.LoginValidationTest.login_13_spacesOnlyInPassword(LoginValidationTest.java:370)
at java.base/java.util.ArrayList.forEach(ArrayList.java:1596)
... Removed 28 stack frames]]>
    </failure>
  </testcase> <!-- login_13_spacesOnlyInPassword -->
  <testcase classname="Login.LoginValidationTest" name="login_14_emailContainingSpaces" time="10.511"/>
  <testcase classname="Login.LoginValidationTest" name="login_15_veryLongEmail" time="0.615">
    <failure type="java.lang.AssertionError" message="DEFECT: Very long email was accepted expected [false] but found [true]">
      <![CDATA[java.lang.AssertionError: DEFECT: Very long email was accepted expected [false] but found [true]
at Login.LoginValidationTest.login_15_veryLongEmail(LoginValidationTest.java:453)
at java.base/java.util.ArrayList.forEach(ArrayList.java:1596)
... Removed 28 stack frames]]>
    </failure>
  </testcase> <!-- login_15_veryLongEmail -->
  <testcase classname="Login.LoginValidationTest" name="login_16_veryLongPassword" time="0.564">
    <failure type="java.lang.AssertionError" message="DEFECT: Very long password was accepted expected [false] but found [true]">
      <![CDATA[java.lang.AssertionError: DEFECT: Very long password was accepted expected [false] but found [true]
at Login.LoginValidationTest.login_16_veryLongPassword(LoginValidationTest.java:493)
at java.base/java.util.ArrayList.forEach(ArrayList.java:1596)
... Removed 28 stack frames]]>
    </failure>
  </testcase> <!-- login_16_veryLongPassword -->
  <testcase classname="Login.LoginValidationTest" name="login_24_blankFieldsValidation" time="0.399"/>
  <testcase classname="Login.LoginValidationTest" name="login_25_invalidEmailValidationMessage" time="0.424"/>
  <testcase classname="Login.LoginValidationTest" name="login_26_blankEmailValidationMessage" time="0.458"/>
  <testcase classname="Login.LoginValidationTest" name="login_27_blankPasswordValidationMessage" time="0.953"/>
  <testcase classname="Login.LoginValidationTest" name="login_31_specialCharactersInEmail" time="10.499"/>
  <testcase classname="Login.LoginValidationTest" name="login_32_numericOnlyEmail" time="10.534"/>
  <testcase classname="Login.LoginValidationTest" name="login_33_emailWithoutAt" time="10.803"/>
  <testcase classname="Login.LoginValidationTest" name="login_34_emailEndingWithAt" time="10.568"/>
  <testcase classname="Login.LoginValidationTest" name="login_35_emailBeginningWithAt" time="10.518"/>
  <testcase classname="Login.LoginValidationTest" name="login_36_multipleAtSymbols" time="10.595"/>
  <testcase classname="Login.LoginVerificationTest" name="login_01_loginPageOpens" time="0.37"/>
  <testcase classname="Login.LoginVerificationTest" name="login_07_passwordMasking" time="0.575"/>
  <testcase classname="Login.LoginVerificationTest" name="login_08_loginButton" time="0.352"/>
  <testcase classname="Login.LoginVerificationTest" name="login_17_validEmailAccepted" time="0.411"/>
  <testcase classname="Login.LoginVerificationTest" name="login_18_passwordAcceptsInput" time="0.419"/>
  <testcase classname="Login.LoginVerificationTest" name="login_19_loginPageURL" time="0.347"/>
  <testcase classname="Login.LoginVerificationTest" name="login_20_loginPageTitle" time="0.314"/>
  <testcase classname="Login.LoginVerificationTest" name="login_21_emailFieldAvailable" time="0.353"/>
  <testcase classname="Login.LoginVerificationTest" name="login_22_passwordFieldAvailable" time="0.317"/>
  <testcase classname="Login.LoginVerificationTest" name="login_23_loginButtonAvailable" time="0.344"/>
  <testcase classname="Login.LoginVerificationTest" name="login_41_pageAfterUnsuccessfulLogin" time="0.521"/>
  <testcase classname="Login.LoginVerificationTest" name="login_42_browserRefresh" time="0.687"/>
  <testcase classname="Login.LoginVerificationTest" name="login_43_browserBack" time="0.563"/>
  <testcase classname="Login.LoginVerificationTest" name="login_44_browserForward" time="0.373"/>
  <testcase classname="Login.LoginVerificationTest" name="login_45_multipleLoginAttempts" time="0.741"/>
  <testcase classname="Login.LoginVerificationTest" name="login_46_reopenBrowser" time="0.552"/>
  <testcase classname="Login.LoginVerificationTest" name="login_47_passwordFieldType" time="0.339"/>
  <testcase classname="Login.LoginVerificationTest" name="login_48_emailFieldType" time="0.31"/>
  <testcase classname="Register.RegisterGeneralTest" name="validRegistration" time="4.373"/>
  <testcase classname="Register.RegisterGeneralTest" name="validNameRegistration" time="2.854"/>
  <testcase classname="Register.RegisterGeneralTest" name="differentValidEmailRegistration" time="2.224"/>
  <testcase classname="Register.RegisterGeneralTest" name="validPasswordRegistration" time="1.72"/>
  <testcase classname="Register.RegisterGeneralTest" name="registrationRedirect" time="1.715"/>
  <testcase classname="Register.RegisterGeneralTest" name="uppercaseEmailRegistration" time="1.726"/>
  <testcase classname="Register.RegisterGeneralTest" name="randomEmailRegistration" time="1.738"/>
  <testcase classname="Register.RegisterGeneralTest" name="numericEmailRegistration" time="1.702"/>
  <testcase classname="Register.RegisterGeneralTest" name="repeatedEmailRegistration" time="3.673">
    <failure type="java.lang.AssertionError" message="Application allowed repeated registration expected [true] but found [false]">
      <![CDATA[java.lang.AssertionError: Application allowed repeated registration expected [true] but found [false]
at Register.RegisterGeneralTest.repeatedEmailRegistration(RegisterGeneralTest.java:534)
at java.base/java.util.ArrayList.forEach(ArrayList.java:1596)
... Removed 28 stack frames]]>
    </failure>
  </testcase> <!-- repeatedEmailRegistration -->
  <testcase classname="Register.RegisterGeneralTest" name="duplicateEmailRegistration" time="3.726">
    <failure type="java.lang.AssertionError" message="Duplicate email was accepted expected [true] but found [false]">
      <![CDATA[java.lang.AssertionError: Duplicate email was accepted expected [true] but found [false]
at Register.RegisterGeneralTest.duplicateEmailRegistration(RegisterGeneralTest.java:616)
at java.base/java.util.ArrayList.forEach(ArrayList.java:1596)
... Removed 28 stack frames]]>
    </failure>
  </testcase> <!-- duplicateEmailRegistration -->
  <testcase classname="Register.RegisterValidationTest" name="verifyRegisterPageOpens" time="0.25"/>
  <testcase classname="Register.RegisterValidationTest" name="verifyEmailFieldDisplayed" time="0.212"/>
  <testcase classname="Register.RegisterValidationTest" name="verifyNameFieldDisplayed" time="0.21"/>
  <testcase classname="Register.RegisterValidationTest" name="verifyPasswordFieldDisplayed" time="0.205"/>
  <testcase classname="Register.RegisterValidationTest" name="verifyConfirmPasswordFieldDisplayed" time="0.206"/>
  <testcase classname="Register.RegisterValidationTest" name="verifyRegisterButtonDisplayed" time="0.202"/>
  <testcase classname="Register.RegisterValidationTest" name="validRegistrationData" time="0.427"/>
  <testcase classname="Register.RegisterValidationTest" name="blankEmail" time="0.416"/>
  <testcase classname="Register.RegisterValidationTest" name="blankName" time="0.405"/>
  <testcase classname="Register.RegisterValidationTest" name="blankPassword" time="0.398"/>
  <testcase classname="Register.RegisterValidationTest" name="blankConfirmPassword" time="0.397"/>
  <testcase classname="Register.RegisterValidationTest" name="blankAllFields" time="0.23"/>
  <testcase classname="Register.RegisterValidationTest" name="invalidEmailWithoutAtSymbol" time="0.433"/>
  <testcase classname="Register.RegisterValidationTest" name="invalidEmailWithoutPartAfterAt" time="0.421"/>
  <testcase classname="Register.RegisterValidationTest" name="invalidEmailMissingDomain" time="0.428"/>
  <testcase classname="Register.RegisterValidationTest" name="emailWithSpaces" time="0.444"/>
  <testcase classname="Register.RegisterValidationTest" name="passwordMismatch" time="0.462"/>
  <testcase classname="Register.RegisterValidationTest" name="confirmPasswordDifferent" time="0.44"/>
  <testcase classname="Register.RegisterValidationTest" name="verifyRegisterButtonClickable" time="0.209"/>
  <testcase classname="Register.RegisterVerificationTest" name="verifyRegisterPageUrl" time="0.532"/>
  <testcase classname="Register.RegisterVerificationTest" name="verifyEmailField" time="0.991"/>
  <testcase classname="Register.RegisterVerificationTest" name="verifyNameField" time="0.469"/>
  <testcase classname="Register.RegisterVerificationTest" name="verifyPasswordField" time="0.441"/>
  <testcase classname="Register.RegisterVerificationTest" name="verifyConfirmPasswordField" time="0.459"/>
  <testcase classname="Register.RegisterVerificationTest" name="verifyRegisterButton" time="0.425"/>
  <testcase classname="Register.RegisterVerificationTest" name="verifyEmailFieldEnabled" time="0.426"/>
  <testcase classname="Register.RegisterVerificationTest" name="verifyNameFieldEnabled" time="0.452"/>
  <testcase classname="Register.RegisterVerificationTest" name="verifyPasswordFieldEnabled" time="0.455"/>
  <testcase classname="Register.RegisterVerificationTest" name="verifyConfirmPasswordEnabled" time="0.434"/>
  <testcase classname="Register.RegisterVerificationTest" name="verifyRegisterButtonEnabled" time="0.458"/>
  <testcase classname="Register.RegisterVerificationTest" name="verifyRegisteredEmailCannotRegisterAgain" time="3.796">
    <failure type="java.lang.AssertionError" message="BUG: Registered email was accepted again expected [https://hexaclothes.netlify.app/register] but found [https://hexaclothes.netlify.app/]">
      <![CDATA[java.lang.AssertionError: BUG: Registered email was accepted again expected [https://hexaclothes.netlify.app/register] but found [https://hexaclothes.netlify.app/]
at Register.RegisterVerificationTest.verifyRegisteredEmailCannotRegisterAgain(RegisterVerificationTest.java:574)
at java.base/java.util.ArrayList.forEach(ArrayList.java:1596)
... Removed 30 stack frames]]>
    </failure>
  </testcase> <!-- verifyRegisteredEmailCannotRegisterAgain -->
  <testcase classname="Home.HomeGeneralTest" name="verifyHomePageLoaded" time="0.007"/>
  <testcase classname="Home.HomeGeneralTest" name="verifyHomeHeading" time="0.02"/>
  <testcase classname="Home.HomeGeneralTest" name="verifyHeroParagraph" time="0.04"/>
  <testcase classname="Home.HomeGeneralTest" name="verifyFirstHeroImage" time="0.022"/>
  <testcase classname="Home.HomeGeneralTest" name="verifySecondHeroImage" time="9.034"/>
  <testcase classname="Home.HomeGeneralTest" name="verifyExploreNow" time="0.029"/>
  <testcase classname="Home.HomeGeneralTest" name="verifyTopRatedNavigation" time="0.116"/>
  <testcase classname="Home.HomeGeneralTest" name="verifyKidsWearNavigation" time="0.109"/>
  <testcase classname="Home.HomeGeneralTest" name="verifyMensWearNavigation" time="0.115"/>
  <testcase classname="Home.HomeGeneralTest" name="verifyWomensWearNavigation" time="0.129"/>
  <testcase classname="Home.HomeGeneralTest" name="verifyAllProductsNavigation" time="0.138"/>
  <testcase classname="Home.HomeGeneralTest" name="verifyProductImage" time="0.035"/>
  <testcase classname="Home.HomeGeneralTest" name="verifyProductTitle" time="0.041"/>
  <testcase classname="Home.HomeGeneralTest" name="verifyAddToCartButton" time="0.04"/>
  <testcase classname="Home.HomeGeneralTest" name="verifyProductRating" time="0.039"/>
  <testcase classname="Home.HomeGeneralTest" name="verifyLoginButton" time="0.028"/>
  <testcase classname="Home.HomeGeneralTest" name="verifyCartIcon" time="0.028"/>
  <testcase classname="Home.HomeGeneralTest" name="verifyHomeIconNavigation" time="20.421">
    <failure type="org.openqa.selenium.TimeoutException" message="Expected condition failed: waiting for presence of element located by: By.xpath: //*[@id=&amp;quot;root&amp;quot;]/div[1]/div[2]/div[2]/div/div/div/div[2]/div/div/div/div[1]/h1 (tried for 20 second(s) with 500 milliseconds interval)">
      <![CDATA[org.openqa.selenium.TimeoutException: Expected condition failed: waiting for presence of element located by: By.xpath: //*[@id="root"]/div[1]/div[2]/div[2]/div/div/div/div[2]/div/div/div/div[1]/h1 (tried for 20 second(s) with 500 milliseconds interval)
at org.openqa.selenium.support.ui.WebDriverWait.timeoutException(WebDriverWait.java:84)
at org.openqa.selenium.support.ui.FluentWait.until(FluentWait.java:228)
at Home.HomeGeneralTest.verifyHomeIconNavigation(HomeGeneralTest.java:529)
at java.base/java.util.ArrayList.forEach(ArrayList.java:1596)
Caused by: org.openqa.selenium.NoSuchElementException: no such element: Unable to locate element: {"method":"xpath","selector":"//*[@id="root"]/div[1]/div[2]/div[2]/div/div/div/div[2]/div/div/div/div[1]/h1"}
  (Session info: chrome=153.0.8010.36)
For documentation on this error, please visit: https://www.selenium.dev/documentation/webdriver/troubleshooting/errors#no-such-element-exception
Build info: version: '4.35.0', revision: '1c58e5028b'
System info: os.name: 'Windows 11', os.arch: 'amd64', os.version: '10.0', java.version: '21.0.10'
Driver info: org.openqa.selenium.chrome.ChromeDriver
Command: [5287f7b2bae759749308f650ff6b8028, findElement {using=xpath, value=//*[@id="root"]/div[1]/div[2]/div[2]/div/div/div/div[2]/div/div/div/div[1]/h1}]
Capabilities {acceptInsecureCerts: false, browserName: chrome, browserVersion: 153.0.8010.36, chrome: {chromedriverVersion: 153.0.8010.36 (507c6ee3e2f3..., userDataDir: C:\Users\Admin\AppData\Loca...}, fedcm:accounts: true, goog:chromeOptions: {debuggerAddress: localhost:52268}, goog:processID: 17920, networkConnectionEnabled: false, pageLoadStrategy: normal, platformName: windows, proxy: Proxy(), se:cdp: ws://localhost:52268/devtoo..., se:cdpVersion: 153.0.8010.36, setWindowRect: true, strictFileInteractability: false, timeouts: {implicit: 0, pageLoad: 300000, script: 30000}, unhandledPromptBehavior: dismiss and notify, webauthn:extension:cmtgKey: true, webauthn:extension:credBlob: true, webauthn:extension:largeBlob: true, webauthn:extension:minPinLength: true, webauthn:extension:prf: true, webauthn:virtualAuthenticators: true}
Session ID: 5287f7b2bae759749308f650ff6b8028
at org.openqa.selenium.remote.ErrorCodec.decode(ErrorCodec.java:167)
at org.openqa.selenium.remote.codec.w3c.W3CHttpResponseCodec.decode(W3CHttpResponseCodec.java:138)
at org.openqa.selenium.remote.codec.w3c.W3CHttpResponseCodec.decode(W3CHttpResponseCodec.java:50)
at org.openqa.selenium.remote.HttpCommandExecutor.execute(HttpCommandExecutor.java:215)
at org.openqa.selenium.remote.service.DriverCommandExecutor.invokeExecute(DriverCommandExecutor.java:216)
at org.openqa.selenium.remote.service.DriverCommandExecutor.execute(DriverCommandExecutor.java:174)
at org.openqa.selenium.remote.RemoteWebDriver.execute(RemoteWebDriver.java:557)
at org.openqa.selenium.remote.ElementLocation$ElementFinder$2.findElement(ElementLocation.java:165)
at org.openqa.selenium.remote.ElementLocation.findElement(ElementLocation.java:59)
at org.openqa.selenium.remote.RemoteWebDriver.findElement(RemoteWebDriver.java:380)
at org.openqa.selenium.remote.RemoteWebDriver.findElement(RemoteWebDriver.java:374)
at org.openqa.selenium.support.ui.ExpectedConditions$6.apply(ExpectedConditions.java:171)
at org.openqa.selenium.support.ui.ExpectedConditions$6.apply(ExpectedConditions.java:168)
at org.openqa.selenium.support.ui.FluentWait.until(FluentWait.java:203)
... 27 more
... Removed 28 stack frames]]>
    </failure>
  </testcase> <!-- verifyHomeIconNavigation -->
  <testcase classname="Home.HomeGeneralTest" name="verifyHomePageAfterRefresh" time="0.3"/>
  <testcase classname="Home.HomeGeneralTest" name="verifyTopRatedAfterRefresh" time="0.504">
    <failure type="java.lang.AssertionError" message="Top Rated page shows Page Not Found after refresh expected [false] but found [true]">
      <![CDATA[java.lang.AssertionError: Top Rated page shows Page Not Found after refresh expected [false] but found [true]
at Home.HomeGeneralTest.verifyTopRatedAfterRefresh(HomeGeneralTest.java:585)
at java.base/java.util.ArrayList.forEach(ArrayList.java:1596)
... Removed 28 stack frames]]>
    </failure>
  </testcase> <!-- verifyTopRatedAfterRefresh -->
  <testcase classname="Home.HomeGeneralTest" name="verifyKidsWearAfterRefresh" time="0.457">
    <failure type="java.lang.AssertionError" message="Kids Wear page shows Page Not Found after refresh expected [false] but found [true]">
      <![CDATA[java.lang.AssertionError: Kids Wear page shows Page Not Found after refresh expected [false] but found [true]
at Home.HomeGeneralTest.verifyKidsWearAfterRefresh(HomeGeneralTest.java:614)
at java.base/java.util.ArrayList.forEach(ArrayList.java:1596)
... Removed 28 stack frames]]>
    </failure>
  </testcase> <!-- verifyKidsWearAfterRefresh -->
  <testcase classname="Home.HomeGeneralTest" name="verifyMensWearAfterRefresh" time="0.616">
    <failure type="java.lang.AssertionError" message="Men&amp;apos;s Wear page shows Page Not Found after refresh expected [false] but found [true]">
      <![CDATA[java.lang.AssertionError: Men's Wear page shows Page Not Found after refresh expected [false] but found [true]
at Home.HomeGeneralTest.verifyMensWearAfterRefresh(HomeGeneralTest.java:643)
at java.base/java.util.ArrayList.forEach(ArrayList.java:1596)
... Removed 28 stack frames]]>
    </failure>
  </testcase> <!-- verifyMensWearAfterRefresh -->
  <testcase classname="Home.HomeGeneralTest" name="verifyWomensWearAfterRefresh" time="1.236">
    <failure type="java.lang.AssertionError" message="Women&amp;apos;s Wear page shows Page Not Found after refresh expected [false] but found [true]">
      <![CDATA[java.lang.AssertionError: Women's Wear page shows Page Not Found after refresh expected [false] but found [true]
at Home.HomeGeneralTest.verifyWomensWearAfterRefresh(HomeGeneralTest.java:672)
at java.base/java.util.ArrayList.forEach(ArrayList.java:1596)
... Removed 28 stack frames]]>
    </failure>
  </testcase> <!-- verifyWomensWearAfterRefresh -->
  <testcase classname="Home.HomeGeneralTest" name="verifyAllProductsAfterRefresh" time="0.536">
    <failure type="java.lang.AssertionError" message="All Products page shows Page Not Found after refresh expected [false] but found [true]">
      <![CDATA[java.lang.AssertionError: All Products page shows Page Not Found after refresh expected [false] but found [true]
at Home.HomeGeneralTest.verifyAllProductsAfterRefresh(HomeGeneralTest.java:701)
at java.base/java.util.ArrayList.forEach(ArrayList.java:1596)
... Removed 28 stack frames]]>
    </failure>
  </testcase> <!-- verifyAllProductsAfterRefresh -->
  <testcase classname="Home.HomeValidationTest" name="validateHomePageURL" time="0.006"/>
  <testcase classname="Home.HomeValidationTest" name="validateHomeHeading" time="0.041"/>
  <testcase classname="Home.HomeValidationTest" name="validateHeroContent" time="0.042"/>
  <testcase classname="Home.HomeValidationTest" name="validateHeroImages" time="6.935"/>
  <testcase classname="Home.HomeValidationTest" name="validateExploreNow" time="0.038"/>
  <testcase classname="Home.HomeValidationTest" name="validateProductImage" time="0.047"/>
  <testcase classname="Home.HomeValidationTest" name="validateProductTitle" time="0.041"/>
  <testcase classname="Home.HomeValidationTest" name="validateProductRating" time="0.043"/>
  <testcase classname="Home.HomeValidationTest" name="validateAddToCartButton" time="0.055"/>
  <testcase classname="Home.HomeValidationTest" name="validateLoginButton" time="0.037"/>
  <testcase classname="Home.HomeValidationTest" name="validateCart" time="0.029"/>
  <testcase classname="Home.HomeValidationTest" name="validateHomeAfterRefresh" time="0.254"/>
  <testcase classname="Home.HomeVerificationTest" name="verifyTopRatedNavigation" time="0.756"/>
  <testcase classname="Home.HomeVerificationTest" name="verifyKidsWearNavigation" time="1.267"/>
  <testcase classname="Home.HomeVerificationTest" name="verifyMensWearNavigation" time="0.887"/>
  <testcase classname="Home.HomeVerificationTest" name="verifyWomensWearNavigation" time="0.612"/>
  <testcase classname="Home.HomeVerificationTest" name="verifyAllProductsNavigation" time="0.585"/>
  <testcase classname="Home.HomeVerificationTest" name="verifyHomeIconNavigation" time="0.311">
    <failure type="java.lang.AssertionError" message="Home icon opens Shopping Cart instead of Home expected [https://hexaclothes.netlify.app/] but found [https://hexaclothes.netlify.app/cart]">
      <![CDATA[java.lang.AssertionError: Home icon opens Shopping Cart instead of Home expected [https://hexaclothes.netlify.app/] but found [https://hexaclothes.netlify.app/cart]
at Home.HomeVerificationTest.verifyHomeIconNavigation(HomeVerificationTest.java:246)
at java.base/java.util.ArrayList.forEach(ArrayList.java:1596)
... Removed 30 stack frames]]>
    </failure>
  </testcase> <!-- verifyHomeIconNavigation -->
  <testcase classname="Home.HomeVerificationTest" name="verifyHomeRefresh" time="0.508"/>
  <testcase classname="Home.HomeVerificationTest" name="verifyTopRatedRefresh" time="2.065">
    <failure type="java.lang.AssertionError" message="Page Not Found displayed after Top Rated refresh expected [false] but found [true]">
      <![CDATA[java.lang.AssertionError: Page Not Found displayed after Top Rated refresh expected [false] but found [true]
at Home.HomeVerificationTest.verifyTopRatedRefresh(HomeVerificationTest.java:317)
at java.base/java.util.ArrayList.forEach(ArrayList.java:1596)
... Removed 28 stack frames]]>
    </failure>
  </testcase> <!-- verifyTopRatedRefresh -->
  <testcase classname="Home.HomeVerificationTest" name="verifyKidsWearRefresh" time="0.876">
    <failure type="java.lang.AssertionError" message="Page Not Found displayed after Kids Wear refresh expected [false] but found [true]">
      <![CDATA[java.lang.AssertionError: Page Not Found displayed after Kids Wear refresh expected [false] but found [true]
at Home.HomeVerificationTest.verifyKidsWearRefresh(HomeVerificationTest.java:352)
at java.base/java.util.ArrayList.forEach(ArrayList.java:1596)
... Removed 28 stack frames]]>
    </failure>
  </testcase> <!-- verifyKidsWearRefresh -->
  <testcase classname="Home.HomeVerificationTest" name="verifyMensWearRefresh" time="0.658">
    <failure type="java.lang.AssertionError" message="Page Not Found displayed after Men&amp;apos;s Wear refresh expected [false] but found [true]">
      <![CDATA[java.lang.AssertionError: Page Not Found displayed after Men's Wear refresh expected [false] but found [true]
at Home.HomeVerificationTest.verifyMensWearRefresh(HomeVerificationTest.java:387)
at java.base/java.util.ArrayList.forEach(ArrayList.java:1596)
... Removed 28 stack frames]]>
    </failure>
  </testcase> <!-- verifyMensWearRefresh -->
  <testcase classname="Home.HomeVerificationTest" name="verifyWomensWearRefresh" time="0.653">
    <failure type="java.lang.AssertionError" message="Page Not Found displayed after Women&amp;apos;s Wear refresh expected [false] but found [true]">
      <![CDATA[java.lang.AssertionError: Page Not Found displayed after Women's Wear refresh expected [false] but found [true]
at Home.HomeVerificationTest.verifyWomensWearRefresh(HomeVerificationTest.java:422)
at java.base/java.util.ArrayList.forEach(ArrayList.java:1596)
... Removed 28 stack frames]]>
    </failure>
  </testcase> <!-- verifyWomensWearRefresh -->
  <testcase classname="Home.HomeVerificationTest" name="verifyAllProductsRefresh" time="0.691">
    <failure type="java.lang.AssertionError" message="Page Not Found displayed after All Products refresh expected [false] but found [true]">
      <![CDATA[java.lang.AssertionError: Page Not Found displayed after All Products refresh expected [false] but found [true]
at Home.HomeVerificationTest.verifyAllProductsRefresh(HomeVerificationTest.java:457)
at java.base/java.util.ArrayList.forEach(ArrayList.java:1596)
... Removed 28 stack frames]]>
    </failure>
  </testcase> <!-- verifyAllProductsRefresh -->
  <testcase classname="Cart.CartGeneralTest" name="verifyAddProductToCart" time="0.917"/>
  <testcase classname="Cart.CartGeneralTest" name="verifyCartNavigation" time="0.884"/>
  <testcase classname="Cart.CartGeneralTest" name="verifyIncreaseQuantity" time="1.489"/>
  <testcase classname="Cart.CartGeneralTest" name="verifyDecreaseQuantity" time="2.063"/>
  <testcase classname="Cart.CartGeneralTest" name="verifyRemoveProduct" time="1.63"/>
  <testcase classname="Cart.CartGeneralTest" name="verifyMultipleQuantity" time="1.924"/>
  <testcase classname="Cart.CartGeneralTest" name="verifyTotalItemsUpdate" time="1.432"/>
  <testcase classname="Cart.CartGeneralTest" name="verifyTotalPriceUpdate" time="1.447"/>
  <testcase classname="Cart.CartGeneralTest" name="verifyProceedToCheckout" time="1.941"/>
  <testcase classname="Cart.CartGeneralTest" name="verifyCartSummaryUpdate" time="1.479"/>
  <testcase classname="Cart.CartGeneralTest" name="verifyCartBecomesEmpty" time="1.689"/>
  <testcase classname="Cart.CartGeneralTest" name="verifyPriceCalculation" time="1.936"/>
  <testcase classname="Cart.CartValidationTest" name="verifyCartPageOpens" time="0.901"/>
  <testcase classname="Cart.CartValidationTest" name="verifyProductDisplayedInCart" time="0.877"/>
  <testcase classname="Cart.CartValidationTest" name="verifyProductImageDisplayed" time="0.898"/>
  <testcase classname="Cart.CartValidationTest" name="verifyProductNameDisplayed" time="0.906"/>
  <testcase classname="Cart.CartValidationTest" name="verifyProductPriceDisplayed" time="0.903"/>
  <testcase classname="Cart.CartValidationTest" name="verifyMinusButtonDisplayed" time="0.882"/>
  <testcase classname="Cart.CartValidationTest" name="verifyPlusButtonDisplayed" time="0.917"/>
  <testcase classname="Cart.CartValidationTest" name="verifyInitialQuantity" time="0.881"/>
  <testcase classname="Cart.CartValidationTest" name="verifyQuantityIncrease" time="1.467"/>
  <testcase classname="Cart.CartValidationTest" name="verifyQuantityDecrease" time="2.001"/>
  <testcase classname="Cart.CartValidationTest" name="verifyQuantityDoesNotGoBelowOne" time="1.414"/>
  <testcase classname="Cart.CartValidationTest" name="verifyTotalItems" time="0.848"/>
  <testcase classname="Cart.CartValidationTest" name="verifyTotalPrice" time="0.852"/>
  <testcase classname="Cart.CartValidationTest" name="verifyCartSummary" time="0.849"/>
  <testcase classname="Cart.CartValidationTest" name="verifyTotalPriceAfterIncrease" time="1.433"/>
  <testcase classname="Cart.CartValidationTest" name="verifyTotalPriceAfterDecrease" time="2.054"/>
  <testcase classname="Cart.CartValidationTest" name="verifyTotalItemsAfterIncrease" time="1.447"/>
  <testcase classname="Cart.CartValidationTest" name="verifyTotalItemsAfterDecrease" time="1.986"/>
  <testcase classname="Cart.CartValidationTest" name="verifyTotalPriceForThreeQuantity" time="1.977"/>
  <testcase classname="Cart.CartValidationTest" name="verifyRemoveButtonDisplayed" time="0.882"/>
  <testcase classname="Cart.CartValidationTest" name="verifyRemoveProduct" time="1.618"/>
  <testcase classname="Cart.CartValidationTest" name="verifyCheckoutButtonDisplayed" time="0.888"/>
  <testcase classname="Cart.CartValidationTest" name="verifyCheckoutButtonClickable" time="0.913"/>
  <testcase classname="Cart.CartValidationTest" name="verifyCartPriceAndQuantityCalculation" time="1.454"/>
  <testcase classname="Cart.CartValidationTest" name="verifyCartAfterRefresh" time="12.85">
    <failure type="java.lang.AssertionError" message="Page Not Found displayed after Cart page refresh expected [true] but found [false]">
      <![CDATA[java.lang.AssertionError: Page Not Found displayed after Cart page refresh expected [true] but found [false]
at Cart.CartValidationTest.verifyCartAfterRefresh(CartValidationTest.java:1116)
at java.base/java.util.ArrayList.forEach(ArrayList.java:1596)
... Removed 28 stack frames]]>
    </failure>
  </testcase> <!-- verifyCartAfterRefresh -->
  <testcase classname="Cart.CartVerificationTest" name="verifyProductAddedFromHome" time="0.921"/>
  <testcase classname="Cart.CartVerificationTest" name="verifyProductNameAfterNavigation" time="0.919"/>
  <testcase classname="Cart.CartVerificationTest" name="verifyProductImageAfterNavigation" time="0.915"/>
  <testcase classname="Cart.CartVerificationTest" name="verifyInitialQuantity" time="0.91"/>
  <testcase classname="Cart.CartVerificationTest" name="verifyPlusButtonFunction" time="1.498"/>
  <testcase classname="Cart.CartVerificationTest" name="verifyMinusButtonFunction" time="2.011"/>
  <testcase classname="Cart.CartVerificationTest" name="verifyTotalItemsUpdate" time="1.497"/>
  <testcase classname="Cart.CartVerificationTest" name="verifyTotalPriceUpdate" time="1.459"/>
  <testcase classname="Cart.CartVerificationTest" name="verifyPriceCalculationForThree" time="1.904"/>
  <testcase classname="Cart.CartVerificationTest" name="verifyPriceAfterDecrease" time="1.911"/>
  <testcase classname="Cart.CartVerificationTest" name="verifyRemoveProduct" time="1.632"/>
  <testcase classname="Cart.CartVerificationTest" name="verifyCheckoutButton" time="0.928"/>
  <testcase classname="Cart.CartVerificationTest" name="verifyCartSummaryTotalItems" time="0.908"/>
  <testcase classname="Cart.CartVerificationTest" name="verifyCartSummaryTotalPrice" time="0.916"/>
  <testcase classname="Cart.CartVerificationTest" name="verifyProductPriceAndCartTotal" time="0.931"/>
  <testcase classname="Cart.CartVerificationTest" name="verifyCartNavigationFromHome" time="0.861"/>
  <testcase classname="Cart.CartVerificationTest" name="verifyQuantityAndTotalItemsTogether" time="1.976"/>
  <testcase classname="Cart.CartVerificationTest" name="verifyQuantityMinimumValue" time="1.484"/>
  <testcase classname="Wishlist.WishlistGeneralTest" name="addProductToWishlistTest" time="9.938"/>
  <testcase classname="Wishlist.WishlistGeneralTest" name="verifyProductInWishlistTest" time="9.804"/>
  <testcase classname="Wishlist.WishlistGeneralTest" name="verifyAddToCartTest" time="9.988"/>
  <testcase classname="Wishlist.WishlistGeneralTest" name="addWishlistProductToCartTest" time="11.465"/>
  <testcase classname="Wishlist.WishlistGeneralTest" name="removeProductFromWishlistTest" time="11.431"/>
  <testcase classname="Wishlist.WishlistTest" name="verifyWishlistOptionAvailable" time="0.983"/>
  <testcase classname="Wishlist.WishlistTest" name="verifyWishlistOptionClickable" time="21.571">
    <failure type="org.openqa.selenium.TimeoutException" message="Expected condition failed: waiting for visibility of element located by By.xpath: //*[@id=&amp;quot;root&amp;quot;]/div[1]/div[2]/div/div/div/h2 (tried for 20 second(s) with 500 milliseconds interval)
Build info: version: &amp;apos;4.35.0&amp;apos;, revision: &amp;apos;1c58e5028b&amp;apos;
System info: os.name: &amp;apos;Windows 11&amp;apos;, os.arch: &amp;apos;amd64&amp;apos;, os.version: &amp;apos;10.0&amp;apos;, java.version: &amp;apos;21.0.10&amp;apos;
Driver info: org.openqa.selenium.chrome.ChromeDriver
Capabilities {acceptInsecureCerts: false, browserName: chrome, browserVersion: 153.0.8010.36, chrome: {chromedriverVersion: 153.0.8010.36 (507c6ee3e2f3..., userDataDir: C:\Users\Admin\AppData\Loca...}, fedcm:accounts: true, goog:chromeOptions: {debuggerAddress: localhost:51944}, goog:processID: 21304, networkConnectionEnabled: false, pageLoadStrategy: normal, platformName: windows, proxy: Proxy(), se:cdp: ws://localhost:51944/devtoo..., se:cdpVersion: 153.0.8010.36, setWindowRect: true, strictFileInteractability: false, timeouts: {implicit: 0, pageLoad: 300000, script: 30000}, unhandledPromptBehavior: dismiss and notify, webauthn:extension:cmtgKey: true, webauthn:extension:credBlob: true, webauthn:extension:largeBlob: true, webauthn:extension:minPinLength: true, webauthn:extension:prf: true, webauthn:virtualAuthenticators: true}
Session ID: bbbaf325b5f01707d5a5d7791c0cbf4f">
      <![CDATA[org.openqa.selenium.TimeoutException: Expected condition failed: waiting for visibility of element located by By.xpath: //*[@id="root"]/div[1]/div[2]/div/div/div/h2 (tried for 20 second(s) with 500 milliseconds interval)
Build info: version: '4.35.0', revision: '1c58e5028b'
System info: os.name: 'Windows 11', os.arch: 'amd64', os.version: '10.0', java.version: '21.0.10'
Driver info: org.openqa.selenium.chrome.ChromeDriver
Capabilities {acceptInsecureCerts: false, browserName: chrome, browserVersion: 153.0.8010.36, chrome: {chromedriverVersion: 153.0.8010.36 (507c6ee3e2f3..., userDataDir: C:\Users\Admin\AppData\Loca...}, fedcm:accounts: true, goog:chromeOptions: {debuggerAddress: localhost:51944}, goog:processID: 21304, networkConnectionEnabled: false, pageLoadStrategy: normal, platformName: windows, proxy: Proxy(), se:cdp: ws://localhost:51944/devtoo..., se:cdpVersion: 153.0.8010.36, setWindowRect: true, strictFileInteractability: false, timeouts: {implicit: 0, pageLoad: 300000, script: 30000}, unhandledPromptBehavior: dismiss and notify, webauthn:extension:cmtgKey: true, webauthn:extension:credBlob: true, webauthn:extension:largeBlob: true, webauthn:extension:minPinLength: true, webauthn:extension:prf: true, webauthn:virtualAuthenticators: true}
Session ID: bbbaf325b5f01707d5a5d7791c0cbf4f
at org.openqa.selenium.support.ui.WebDriverWait.timeoutException(WebDriverWait.java:84)
at org.openqa.selenium.support.ui.FluentWait.until(FluentWait.java:228)
at Wishlist.WishlistTest.verifyWishlistPage(WishlistTest.java:269)
at Wishlist.WishlistTest.verifyWishlistOptionClickable(WishlistTest.java:356)
at java.base/java.util.ArrayList.forEach(ArrayList.java:1596)
... Removed 25 stack frames]]>
    </failure>
  </testcase> <!-- verifyWishlistOptionClickable -->
  <testcase classname="Wishlist.WishlistTest" name="verifyProductAfterAdding" time="0.831"/>
  <testcase classname="Wishlist.WishlistTest" name="verifyProductImage" time="0.838"/>
  <testcase classname="Wishlist.WishlistTest" name="verifyProductName" time="0.809"/>
  <testcase classname="Wishlist.WishlistTest" name="verifyAddToCartButton" time="0.808"/>
  <testcase classname="Wishlist.WishlistTest" name="verifyRemoveButton" time="0.84"/>
  <testcase classname="Wishlist.WishlistTest" name="verifyRemovedProduct" time="20.967"/>
  <testcase classname="Checkout.CheckoutGeneralTest" name="verifyOrderSummaryDisplayed" time="2.722"/>
  <testcase classname="Checkout.CheckoutGeneralTest" name="verifyProductNameDisplayed" time="2.699"/>
  <testcase classname="Checkout.CheckoutGeneralTest" name="verifyProductPriceDisplayed" time="2.698"/>
  <testcase classname="Checkout.CheckoutGeneralTest" name="verifyShippingInformationDisplayed" time="2.652"/>
  <testcase classname="Checkout.CheckoutGeneralTest" name="verifyFirstNameField" time="2.609"/>
  <testcase classname="Checkout.CheckoutGeneralTest" name="verifyLastNameField" time="2.625"/>
  <testcase classname="Checkout.CheckoutGeneralTest" name="verifyEmailField" time="2.698"/>
  <testcase classname="Checkout.CheckoutGeneralTest" name="verifyAddressField" time="2.738"/>
  <testcase classname="Checkout.CheckoutGeneralTest" name="verifyCityField" time="2.734"/>
  <testcase classname="Checkout.CheckoutGeneralTest" name="verifyPostalCodeField" time="2.696"/>
  <testcase classname="Checkout.CheckoutGeneralTest" name="verifyCountryDropdown" time="2.736"/>
  <testcase classname="Checkout.CheckoutGeneralTest" name="verifyPaymentInformation" time="2.715"/>
  <testcase classname="Checkout.CheckoutGeneralTest" name="verifyCardNumberField" time="2.756"/>
  <testcase classname="Checkout.CheckoutGeneralTest" name="verifyCardHolderNameField" time="2.729"/>
  <testcase classname="Checkout.CheckoutGeneralTest" name="verifyDateField" time="2.756"/>
  <testcase classname="Checkout.CheckoutGeneralTest" name="verifyCVCField" time="2.732"/>
  <testcase classname="Checkout.CheckoutGeneralTest" name="verifyPlaceOrderDisplayed" time="2.691"/>
  <testcase classname="Checkout.CheckoutGeneralTest" name="verifyPlaceOrderEnabled" time="2.693"/>
  <testcase classname="Checkout.CheckoutGeneralTest" name="enterValidShippingDetails" time="3.11"/>
  <testcase classname="Checkout.CheckoutGeneralTest" name="enterValidPaymentDetails" time="2.853"/>
  <testcase classname="Checkout.CheckoutGeneralTest" name="enterAllValidCheckoutDetails" time="3.829"/>
  <testcase classname="Checkout.CheckoutGeneralTest" name="verifyPlaceOrderCanBeClicked" time="4.895"/>
  <testcase classname="Checkout.CheckoutValidationTest" name="validateBlankFirstName" time="2.263">
    <failure type="java.lang.AssertionError" message="DEFECT in CHK_VAL_01 - Blank First Name: Invalid/blank data was accepted. expected [true] but found [false]">
      <![CDATA[java.lang.AssertionError: DEFECT in CHK_VAL_01 - Blank First Name: Invalid/blank data was accepted. expected [true] but found [false]
at Checkout.CheckoutValidationTest.verifyValidationRejected(CheckoutValidationTest.java:385)
at Checkout.CheckoutValidationTest.validateBlankFirstName(CheckoutValidationTest.java:412)
at java.base/java.util.ArrayList.forEach(ArrayList.java:1596)
... Removed 28 stack frames]]>
    </failure>
  </testcase> <!-- validateBlankFirstName -->
  <testcase classname="Checkout.CheckoutValidationTest" name="validateBlankLastName" time="2.153">
    <failure type="java.lang.AssertionError" message="DEFECT in CHK_VAL_02 - Blank Last Name: Invalid/blank data was accepted. expected [true] but found [false]">
      <![CDATA[java.lang.AssertionError: DEFECT in CHK_VAL_02 - Blank Last Name: Invalid/blank data was accepted. expected [true] but found [false]
at Checkout.CheckoutValidationTest.verifyValidationRejected(CheckoutValidationTest.java:385)
at Checkout.CheckoutValidationTest.validateBlankLastName(CheckoutValidationTest.java:433)
at java.base/java.util.ArrayList.forEach(ArrayList.java:1596)
... Removed 28 stack frames]]>
    </failure>
  </testcase> <!-- validateBlankLastName -->
  <testcase classname="Checkout.CheckoutValidationTest" name="validateBlankEmail" time="2.135">
    <failure type="java.lang.AssertionError" message="DEFECT in CHK_VAL_03 - Blank Email: Invalid/blank data was accepted. expected [true] but found [false]">
      <![CDATA[java.lang.AssertionError: DEFECT in CHK_VAL_03 - Blank Email: Invalid/blank data was accepted. expected [true] but found [false]
at Checkout.CheckoutValidationTest.verifyValidationRejected(CheckoutValidationTest.java:385)
at Checkout.CheckoutValidationTest.validateBlankEmail(CheckoutValidationTest.java:454)
at java.base/java.util.ArrayList.forEach(ArrayList.java:1596)
... Removed 28 stack frames]]>
    </failure>
  </testcase> <!-- validateBlankEmail -->
  <testcase classname="Checkout.CheckoutValidationTest" name="validateInvalidEmail" time="2.392">
    <failure type="java.lang.AssertionError" message="DEFECT in CHK_VAL_04 - Invalid Email: Invalid/blank data was accepted. expected [true] but found [false]">
      <![CDATA[java.lang.AssertionError: DEFECT in CHK_VAL_04 - Invalid Email: Invalid/blank data was accepted. expected [true] but found [false]
at Checkout.CheckoutValidationTest.verifyValidationRejected(CheckoutValidationTest.java:385)
at Checkout.CheckoutValidationTest.validateInvalidEmail(CheckoutValidationTest.java:478)
at java.base/java.util.ArrayList.forEach(ArrayList.java:1596)
... Removed 28 stack frames]]>
    </failure>
  </testcase> <!-- validateInvalidEmail -->
  <testcase classname="Checkout.CheckoutValidationTest" name="validateBlankAddress" time="2.226">
    <failure type="java.lang.AssertionError" message="DEFECT in CHK_VAL_05 - Blank Address: Invalid/blank data was accepted. expected [true] but found [false]">
      <![CDATA[java.lang.AssertionError: DEFECT in CHK_VAL_05 - Blank Address: Invalid/blank data was accepted. expected [true] but found [false]
at Checkout.CheckoutValidationTest.verifyValidationRejected(CheckoutValidationTest.java:385)
at Checkout.CheckoutValidationTest.validateBlankAddress(CheckoutValidationTest.java:499)
at java.base/java.util.ArrayList.forEach(ArrayList.java:1596)
... Removed 28 stack frames]]>
    </failure>
  </testcase> <!-- validateBlankAddress -->
  <testcase classname="Checkout.CheckoutValidationTest" name="validateBlankCity" time="2.356">
    <failure type="java.lang.AssertionError" message="DEFECT in CHK_VAL_06 - Blank City: Invalid/blank data was accepted. expected [true] but found [false]">
      <![CDATA[java.lang.AssertionError: DEFECT in CHK_VAL_06 - Blank City: Invalid/blank data was accepted. expected [true] but found [false]
at Checkout.CheckoutValidationTest.verifyValidationRejected(CheckoutValidationTest.java:385)
at Checkout.CheckoutValidationTest.validateBlankCity(CheckoutValidationTest.java:520)
at java.base/java.util.ArrayList.forEach(ArrayList.java:1596)
... Removed 28 stack frames]]>
    </failure>
  </testcase> <!-- validateBlankCity -->
  <testcase classname="Checkout.CheckoutValidationTest" name="validateBlankPostalCode" time="2.266">
    <failure type="java.lang.AssertionError" message="DEFECT in CHK_VAL_07 - Blank Postal Code: Invalid/blank data was accepted. expected [true] but found [false]">
      <![CDATA[java.lang.AssertionError: DEFECT in CHK_VAL_07 - Blank Postal Code: Invalid/blank data was accepted. expected [true] but found [false]
at Checkout.CheckoutValidationTest.verifyValidationRejected(CheckoutValidationTest.java:385)
at Checkout.CheckoutValidationTest.validateBlankPostalCode(CheckoutValidationTest.java:541)
at java.base/java.util.ArrayList.forEach(ArrayList.java:1596)
... Removed 28 stack frames]]>
    </failure>
  </testcase> <!-- validateBlankPostalCode -->
  <testcase classname="Checkout.CheckoutValidationTest" name="validateBlankCountry" time="1.981">
    <failure type="java.lang.AssertionError" message="DEFECT in CHK_VAL_08 - Blank Country: Invalid/blank data was accepted. expected [true] but found [false]">
      <![CDATA[java.lang.AssertionError: DEFECT in CHK_VAL_08 - Blank Country: Invalid/blank data was accepted. expected [true] but found [false]
at Checkout.CheckoutValidationTest.verifyValidationRejected(CheckoutValidationTest.java:385)
at Checkout.CheckoutValidationTest.validateBlankCountry(CheckoutValidationTest.java:599)
at java.base/java.util.ArrayList.forEach(ArrayList.java:1596)
... Removed 28 stack frames]]>
    </failure>
  </testcase> <!-- validateBlankCountry -->
  <testcase classname="Checkout.CheckoutValidationTest" name="validateBlankCardNumber" time="2.174">
    <failure type="java.lang.AssertionError" message="DEFECT in CHK_VAL_09 - Blank Card Number: Invalid/blank data was accepted. expected [true] but found [false]">
      <![CDATA[java.lang.AssertionError: DEFECT in CHK_VAL_09 - Blank Card Number: Invalid/blank data was accepted. expected [true] but found [false]
at Checkout.CheckoutValidationTest.verifyValidationRejected(CheckoutValidationTest.java:385)
at Checkout.CheckoutValidationTest.validateBlankCardNumber(CheckoutValidationTest.java:620)
at java.base/java.util.ArrayList.forEach(ArrayList.java:1596)
... Removed 28 stack frames]]>
    </failure>
  </testcase> <!-- validateBlankCardNumber -->
  <testcase classname="Checkout.CheckoutValidationTest" name="validateInvalidCardNumber" time="2.194">
    <failure type="java.lang.AssertionError" message="DEFECT in CHK_VAL_10 - Invalid Card Number: Invalid/blank data was accepted. expected [true] but found [false]">
      <![CDATA[java.lang.AssertionError: DEFECT in CHK_VAL_10 - Invalid Card Number: Invalid/blank data was accepted. expected [true] but found [false]
at Checkout.CheckoutValidationTest.verifyValidationRejected(CheckoutValidationTest.java:385)
at Checkout.CheckoutValidationTest.validateInvalidCardNumber(CheckoutValidationTest.java:644)
at java.base/java.util.ArrayList.forEach(ArrayList.java:1596)
... Removed 28 stack frames]]>
    </failure>
  </testcase> <!-- validateInvalidCardNumber -->
  <testcase classname="Checkout.CheckoutValidationTest" name="validateBlankCardHolderName" time="2.17">
    <failure type="java.lang.AssertionError" message="DEFECT in CHK_VAL_11 - Blank Card Holder Name: Invalid/blank data was accepted. expected [true] but found [false]">
      <![CDATA[java.lang.AssertionError: DEFECT in CHK_VAL_11 - Blank Card Holder Name: Invalid/blank data was accepted. expected [true] but found [false]
at Checkout.CheckoutValidationTest.verifyValidationRejected(CheckoutValidationTest.java:385)
at Checkout.CheckoutValidationTest.validateBlankCardHolderName(CheckoutValidationTest.java:665)
at java.base/java.util.ArrayList.forEach(ArrayList.java:1596)
... Removed 28 stack frames]]>
    </failure>
  </testcase> <!-- validateBlankCardHolderName -->
  <testcase classname="Checkout.CheckoutValidationTest" name="validateAlphabeticCardNumber" time="2.192">
    <failure type="java.lang.AssertionError" message="DEFECT in CHK_VAL_12 - Alphabetic Card Number: Invalid/blank data was accepted. expected [true] but found [false]">
      <![CDATA[java.lang.AssertionError: DEFECT in CHK_VAL_12 - Alphabetic Card Number: Invalid/blank data was accepted. expected [true] but found [false]
at Checkout.CheckoutValidationTest.verifyValidationRejected(CheckoutValidationTest.java:385)
at Checkout.CheckoutValidationTest.validateAlphabeticCardNumber(CheckoutValidationTest.java:689)
at java.base/java.util.ArrayList.forEach(ArrayList.java:1596)
... Removed 28 stack frames]]>
    </failure>
  </testcase> <!-- validateAlphabeticCardNumber -->
  <testcase classname="Checkout.CheckoutValidationTest" name="validateBlankDate" time="2.174">
    <failure type="java.lang.AssertionError" message="DEFECT in CHK_VAL_13 - Blank Date: Invalid/blank data was accepted. expected [true] but found [false]">
      <![CDATA[java.lang.AssertionError: DEFECT in CHK_VAL_13 - Blank Date: Invalid/blank data was accepted. expected [true] but found [false]
at Checkout.CheckoutValidationTest.verifyValidationRejected(CheckoutValidationTest.java:385)
at Checkout.CheckoutValidationTest.validateBlankDate(CheckoutValidationTest.java:710)
at java.base/java.util.ArrayList.forEach(ArrayList.java:1596)
... Removed 28 stack frames]]>
    </failure>
  </testcase> <!-- validateBlankDate -->
  <testcase classname="Checkout.CheckoutValidationTest" name="validateInvalidDate" time="2.224">
    <failure type="java.lang.AssertionError" message="DEFECT in CHK_VAL_14 - Invalid Date: Invalid/blank data was accepted. expected [true] but found [false]">
      <![CDATA[java.lang.AssertionError: DEFECT in CHK_VAL_14 - Invalid Date: Invalid/blank data was accepted. expected [true] but found [false]
at Checkout.CheckoutValidationTest.verifyValidationRejected(CheckoutValidationTest.java:385)
at Checkout.CheckoutValidationTest.validateInvalidDate(CheckoutValidationTest.java:734)
at java.base/java.util.ArrayList.forEach(ArrayList.java:1596)
... Removed 28 stack frames]]>
    </failure>
  </testcase> <!-- validateInvalidDate -->
  <testcase classname="Checkout.CheckoutValidationTest" name="validateBlankCVC" time="2.158">
    <failure type="java.lang.AssertionError" message="DEFECT in CHK_VAL_15 - Blank CVC: Invalid/blank data was accepted. expected [true] but found [false]">
      <![CDATA[java.lang.AssertionError: DEFECT in CHK_VAL_15 - Blank CVC: Invalid/blank data was accepted. expected [true] but found [false]
at Checkout.CheckoutValidationTest.verifyValidationRejected(CheckoutValidationTest.java:385)
at Checkout.CheckoutValidationTest.validateBlankCVC(CheckoutValidationTest.java:755)
at java.base/java.util.ArrayList.forEach(ArrayList.java:1596)
... Removed 28 stack frames]]>
    </failure>
  </testcase> <!-- validateBlankCVC -->
  <testcase classname="Checkout.CheckoutValidationTest" name="validateInvalidCVC" time="2.204">
    <failure type="java.lang.AssertionError" message="DEFECT in CHK_VAL_16 - Invalid CVC: Invalid/blank data was accepted. expected [true] but found [false]">
      <![CDATA[java.lang.AssertionError: DEFECT in CHK_VAL_16 - Invalid CVC: Invalid/blank data was accepted. expected [true] but found [false]
at Checkout.CheckoutValidationTest.verifyValidationRejected(CheckoutValidationTest.java:385)
at Checkout.CheckoutValidationTest.validateInvalidCVC(CheckoutValidationTest.java:779)
at java.base/java.util.ArrayList.forEach(ArrayList.java:1596)
... Removed 28 stack frames]]>
    </failure>
  </testcase> <!-- validateInvalidCVC -->
  <testcase classname="Checkout.CheckoutValidationTest" name="validateAlphabeticCVC" time="2.237">
    <failure type="java.lang.AssertionError" message="DEFECT in CHK_VAL_17 - Alphabetic CVC: Invalid/blank data was accepted. expected [true] but found [false]">
      <![CDATA[java.lang.AssertionError: DEFECT in CHK_VAL_17 - Alphabetic CVC: Invalid/blank data was accepted. expected [true] but found [false]
at Checkout.CheckoutValidationTest.verifyValidationRejected(CheckoutValidationTest.java:385)
at Checkout.CheckoutValidationTest.validateAlphabeticCVC(CheckoutValidationTest.java:803)
at java.base/java.util.ArrayList.forEach(ArrayList.java:1596)
... Removed 28 stack frames]]>
    </failure>
  </testcase> <!-- validateAlphabeticCVC -->
  <testcase classname="Checkout.CheckoutValidationTest" name="validateAllShippingFieldsBlank" time="3.517">
    <failure type="java.lang.AssertionError" message="DEFECT in CHK_VAL_18 - All Shipping Fields Blank: Invalid/blank data was accepted. expected [true] but found [false]">
      <![CDATA[java.lang.AssertionError: DEFECT in CHK_VAL_18 - All Shipping Fields Blank: Invalid/blank data was accepted. expected [true] but found [false]
at Checkout.CheckoutValidationTest.verifyValidationRejected(CheckoutValidationTest.java:385)
at Checkout.CheckoutValidationTest.validateAllShippingFieldsBlank(CheckoutValidationTest.java:829)
at java.base/java.util.ArrayList.forEach(ArrayList.java:1596)
... Removed 28 stack frames]]>
    </failure>
  </testcase> <!-- validateAllShippingFieldsBlank -->
  <testcase classname="Checkout.CheckoutValidationTest" name="validateAllPaymentFieldsBlank" time="2.903">
    <failure type="java.lang.AssertionError" message="DEFECT in CHK_VAL_19 - All Payment Fields Blank: Invalid/blank data was accepted. expected [true] but found [false]">
      <![CDATA[java.lang.AssertionError: DEFECT in CHK_VAL_19 - All Payment Fields Blank: Invalid/blank data was accepted. expected [true] but found [false]
at Checkout.CheckoutValidationTest.verifyValidationRejected(CheckoutValidationTest.java:385)
at Checkout.CheckoutValidationTest.validateAllPaymentFieldsBlank(CheckoutValidationTest.java:853)
at java.base/java.util.ArrayList.forEach(ArrayList.java:1596)
... Removed 28 stack frames]]>
    </failure>
  </testcase> <!-- validateAllPaymentFieldsBlank -->
  <testcase classname="Checkout.CheckoutValidationTest" name="validateAllFieldsBlank" time="4.484">
    <failure type="java.lang.AssertionError" message="DEFECT in CHK_VAL_20 - All Checkout Fields Blank: Invalid/blank data was accepted. expected [true] but found [false]">
      <![CDATA[java.lang.AssertionError: DEFECT in CHK_VAL_20 - All Checkout Fields Blank: Invalid/blank data was accepted. expected [true] but found [false]
at Checkout.CheckoutValidationTest.verifyValidationRejected(CheckoutValidationTest.java:385)
at Checkout.CheckoutValidationTest.validateAllFieldsBlank(CheckoutValidationTest.java:942)
at java.base/java.util.ArrayList.forEach(ArrayList.java:1596)
... Removed 28 stack frames]]>
    </failure>
  </testcase> <!-- validateAllFieldsBlank -->
  <testcase classname="Checkout.CheckoutVerificationTest" name="verifyCheckoutPageOpened" time="0.006"/>
  <testcase classname="Checkout.CheckoutVerificationTest" name="verifyOrderSummary" time="0.032"/>
  <testcase classname="Checkout.CheckoutVerificationTest" name="verifyProductName" time="0.014"/>
  <testcase classname="Checkout.CheckoutVerificationTest" name="verifyProductPrice" time="0.017"/>
  <testcase classname="Checkout.CheckoutVerificationTest" name="verifyShippingInformation" time="0.014"/>
  <testcase classname="Checkout.CheckoutVerificationTest" name="verifyFirstNameField" time="0.026"/>
  <testcase classname="Checkout.CheckoutVerificationTest" name="verifyLastNameField" time="0.011"/>
  <testcase classname="Checkout.CheckoutVerificationTest" name="verifyEmailField" time="0.026"/>
  <testcase classname="Checkout.CheckoutVerificationTest" name="verifyAddressField" time="0.016"/>
  <testcase classname="Checkout.CheckoutVerificationTest" name="verifyCityField" time="0.022"/>
  <testcase classname="Checkout.CheckoutVerificationTest" name="verifyPostalCodeField" time="0.016"/>
  <testcase classname="Checkout.CheckoutVerificationTest" name="verifyCountryDropdown" time="0.006"/>
  <testcase classname="Checkout.CheckoutVerificationTest" name="verifyUnitedStatesOption" time="0.053"/>
  <testcase classname="Checkout.CheckoutVerificationTest" name="verifyPaymentInformation" time="0.014"/>
  <testcase classname="Checkout.CheckoutVerificationTest" name="verifyCardNumberField" time="0.016"/>
  <testcase classname="Checkout.CheckoutVerificationTest" name="verifyCardHolderNameField" time="0.016"/>
  <testcase classname="Checkout.CheckoutVerificationTest" name="verifyDateField" time="0.015"/>
  <testcase classname="Checkout.CheckoutVerificationTest" name="verifyCVCField" time="0.015"/>
  <testcase classname="Checkout.CheckoutVerificationTest" name="verifyPlaceOrderButton" time="0.014"/>
  <testcase classname="Checkout.CheckoutVerificationTest" name="verifyPlaceOrderButtonEnabled" time="0.008"/>
</testsuite> <!-- HexaClothes Tests -->
