<?xml version="1.0" encoding="UTF-8"?>
<!-- Generated by org.testng.reporters.JUnitReportReporter -->
<testsuite hostname="DESKTOP-LEGR2RP" failures="1" tests="25" name="Cart.CartValidationTest" time="64.754" errors="0" timestamp="2026-09-12T13:40:42 IST" skipped="0">
  <testcase classname="Cart.CartValidationTest" name="verifyCartPageOpens" time="1.630"/>
  <testcase classname="Cart.CartValidationTest" name="verifyProductDisplayedInCart" time="2.173"/>
  <testcase classname="Cart.CartValidationTest" name="verifyProductImageDisplayed" time="3.941"/>
  <testcase classname="Cart.CartValidationTest" name="verifyProductNameDisplayed" time="1.651"/>
  <testcase classname="Cart.CartValidationTest" name="verifyProductPriceDisplayed" time="2.105"/>
  <testcase classname="Cart.CartValidationTest" name="verifyMinusButtonDisplayed" time="1.699"/>
  <testcase classname="Cart.CartValidationTest" name="verifyPlusButtonDisplayed" time="1.752"/>
  <testcase classname="Cart.CartValidationTest" name="verifyInitialQuantity" time="1.600"/>
  <testcase classname="Cart.CartValidationTest" name="verifyQuantityIncrease" time="2.203"/>
  <testcase classname="Cart.CartValidationTest" name="verifyQuantityDecrease" time="2.720"/>
  <testcase classname="Cart.CartValidationTest" name="verifyQuantityDoesNotGoBelowOne" time="2.130"/>
  <testcase classname="Cart.CartValidationTest" name="verifyTotalItems" time="1.577"/>
  <testcase classname="Cart.CartValidationTest" name="verifyTotalPrice" time="1.596"/>
  <testcase classname="Cart.CartValidationTest" name="verifyCartSummary" time="1.584"/>
  <testcase classname="Cart.CartValidationTest" name="verifyTotalPriceAfterIncrease" time="2.158"/>
  <testcase classname="Cart.CartValidationTest" name="verifyTotalPriceAfterDecrease" time="2.775"/>
  <testcase classname="Cart.CartValidationTest" name="verifyTotalItemsAfterIncrease" time="2.178"/>
  <testcase classname="Cart.CartValidationTest" name="verifyTotalItemsAfterDecrease" time="2.731"/>
  <testcase classname="Cart.CartValidationTest" name="verifyTotalPriceForThreeQuantity" time="2.794"/>
  <testcase classname="Cart.CartValidationTest" name="verifyRemoveButtonDisplayed" time="1.606"/>
  <testcase classname="Cart.CartValidationTest" name="verifyRemoveProduct" time="2.378"/>
  <testcase classname="Cart.CartValidationTest" name="verifyCheckoutButtonDisplayed" time="1.614"/>
  <testcase classname="Cart.CartValidationTest" name="verifyCheckoutButtonClickable" time="1.681"/>
  <testcase classname="Cart.CartValidationTest" name="verifyCartPriceAndQuantityCalculation" time="2.175"/>
  <testcase classname="Cart.CartValidationTest" name="verifyCartAfterRefresh" time="14.303">
    <failure message="Page Not Found displayed after Cart page refresh expected [true] but found [false]" type="java.lang.AssertionError">
      <![CDATA[java.lang.AssertionError: Page Not Found displayed after Cart page refresh expected [true] but found [false]
at org.testng.Assert.fail(Assert.java:111)
at org.testng.Assert.failNotEquals(Assert.java:1590)
at org.testng.Assert.assertTrue(Assert.java:57)
at Cart.CartValidationTest.verifyCartAfterRefresh(CartValidationTest.java:1116)
at java.base/jdk.internal.reflect.DirectMethodHandleAccessor.invoke(DirectMethodHandleAccessor.java:103)
at java.base/java.lang.reflect.Method.invoke(Method.java:580)
at org.testng.internal.invokers.MethodInvocationHelper.invokeMethod(MethodInvocationHelper.java:141)
at org.testng.internal.invokers.TestInvoker.invokeMethod(TestInvoker.java:687)
at org.testng.internal.invokers.TestInvoker.invokeTestMethod(TestInvoker.java:230)
at org.testng.internal.invokers.MethodRunner.runInSequence(MethodRunner.java:63)
at org.testng.internal.invokers.TestInvoker$MethodInvocationAgent.invoke(TestInvoker.java:995)
at org.testng.internal.invokers.TestInvoker.invokeTestMethods(TestInvoker.java:203)
at org.testng.internal.invokers.TestMethodWorker.invokeTestMethods(TestMethodWorker.java:154)
at org.testng.internal.invokers.TestMethodWorker.run(TestMethodWorker.java:134)
at java.base/java.util.ArrayList.forEach(ArrayList.java:1596)
at org.testng.TestRunner.privateRun(TestRunner.java:741)
at org.testng.TestRunner.run(TestRunner.java:616)
at org.testng.SuiteRunner.runTest(SuiteRunner.java:421)
at org.testng.SuiteRunner.runSequentially(SuiteRunner.java:413)
at org.testng.SuiteRunner.privateRun(SuiteRunner.java:373)
at org.testng.SuiteRunner.run(SuiteRunner.java:312)
at org.testng.SuiteRunnerWorker.runSuite(SuiteRunnerWorker.java:52)
at org.testng.SuiteRunnerWorker.run(SuiteRunnerWorker.java:95)
at org.testng.TestNG.runSuitesSequentially(TestNG.java:1274)
at org.testng.TestNG.runSuitesLocally(TestNG.java:1208)
at org.testng.TestNG.runSuites(TestNG.java:1112)
at org.testng.TestNG.run(TestNG.java:1079)
at org.testng.remote.AbstractRemoteTestNG.run(AbstractRemoteTestNG.java:115)
at org.testng.remote.RemoteTestNG.initAndRun(RemoteTestNG.java:293)
at org.testng.remote.RemoteTestNG.main(RemoteTestNG.java:91)
]]>
    </failure>
  </testcase> <!-- verifyCartAfterRefresh -->
</testsuite> <!-- Cart.CartValidationTest -->
