<?xml version="1.0" encoding="UTF-8"?>
<!-- Generated by org.testng.reporters.JUnitReportReporter -->
<testsuite hostname="DESKTOP-LEGR2RP" failures="0" tests="19" name="Register.RegisterValidationTest" time="11.461" errors="0" timestamp="2026-09-12T13:40:42 IST" skipped="0">
  <testcase classname="Register.RegisterValidationTest" name="verifyRegisterPageOpens" time="0.762"/>
  <testcase classname="Register.RegisterValidationTest" name="verifyEmailFieldDisplayed" time="0.446"/>
  <testcase classname="Register.RegisterValidationTest" name="verifyNameFieldDisplayed" time="0.440"/>
  <testcase classname="Register.RegisterValidationTest" name="verifyPasswordFieldDisplayed" time="0.468"/>
  <testcase classname="Register.RegisterValidationTest" name="verifyConfirmPasswordFieldDisplayed" time="0.436"/>
  <testcase classname="Register.RegisterValidationTest" name="verifyRegisterButtonDisplayed" time="0.427"/>
  <testcase classname="Register.RegisterValidationTest" name="validRegistrationData" time="0.662"/>
  <testcase classname="Register.RegisterValidationTest" name="blankEmail" time="0.638"/>
  <testcase classname="Register.RegisterValidationTest" name="blankName" time="0.635"/>
  <testcase classname="Register.RegisterValidationTest" name="blankPassword" time="0.625"/>
  <testcase classname="Register.RegisterValidationTest" name="blankConfirmPassword" time="0.628"/>
  <testcase classname="Register.RegisterValidationTest" name="blankAllFields" time="0.451"/>
  <testcase classname="Register.RegisterValidationTest" name="invalidEmailWithoutAtSymbol" time="0.982"/>
  <testcase classname="Register.RegisterValidationTest" name="invalidEmailWithoutPartAfterAt" time="0.646"/>
  <testcase classname="Register.RegisterValidationTest" name="invalidEmailMissingDomain" time="0.671"/>
  <testcase classname="Register.RegisterValidationTest" name="emailWithSpaces" time="0.727"/>
  <testcase classname="Register.RegisterValidationTest" name="passwordMismatch" time="0.684"/>
  <testcase classname="Register.RegisterValidationTest" name="confirmPasswordDifferent" time="0.695"/>
  <testcase classname="Register.RegisterValidationTest" name="verifyRegisterButtonClickable" time="0.438"/>
</testsuite> <!-- Register.RegisterValidationTest -->
