<?xml version="1.0" encoding="UTF-8"?>
<!-- Generated by org.testng.reporters.JUnitReportReporter -->
<testsuite hostname="DESKTOP-LEGR2RP" failures="0" tests="22" name="Checkout.CheckoutGeneralTest" time="77.120" errors="0" timestamp="2026-09-12T13:40:42 IST" skipped="0">
  <testcase classname="Checkout.CheckoutGeneralTest" name="verifyOrderSummaryDisplayed" time="3.226"/>
  <testcase classname="Checkout.CheckoutGeneralTest" name="verifyProductNameDisplayed" time="3.194"/>
  <testcase classname="Checkout.CheckoutGeneralTest" name="verifyProductPriceDisplayed" time="3.226"/>
  <testcase classname="Checkout.CheckoutGeneralTest" name="verifyShippingInformationDisplayed" time="3.349"/>
  <testcase classname="Checkout.CheckoutGeneralTest" name="verifyFirstNameField" time="3.080"/>
  <testcase classname="Checkout.CheckoutGeneralTest" name="verifyLastNameField" time="4.567"/>
  <testcase classname="Checkout.CheckoutGeneralTest" name="verifyEmailField" time="3.385"/>
  <testcase classname="Checkout.CheckoutGeneralTest" name="verifyAddressField" time="3.227"/>
  <testcase classname="Checkout.CheckoutGeneralTest" name="verifyCityField" time="3.215"/>
  <testcase classname="Checkout.CheckoutGeneralTest" name="verifyPostalCodeField" time="3.198"/>
  <testcase classname="Checkout.CheckoutGeneralTest" name="verifyCountryDropdown" time="3.232"/>
  <testcase classname="Checkout.CheckoutGeneralTest" name="verifyPaymentInformation" time="3.227"/>
  <testcase classname="Checkout.CheckoutGeneralTest" name="verifyCardNumberField" time="3.230"/>
  <testcase classname="Checkout.CheckoutGeneralTest" name="verifyCardHolderNameField" time="3.252"/>
  <testcase classname="Checkout.CheckoutGeneralTest" name="verifyDateField" time="3.264"/>
  <testcase classname="Checkout.CheckoutGeneralTest" name="verifyCVCField" time="3.187"/>
  <testcase classname="Checkout.CheckoutGeneralTest" name="verifyPlaceOrderDisplayed" time="3.170"/>
  <testcase classname="Checkout.CheckoutGeneralTest" name="verifyPlaceOrderEnabled" time="4.217"/>
  <testcase classname="Checkout.CheckoutGeneralTest" name="enterValidShippingDetails" time="3.642"/>
  <testcase classname="Checkout.CheckoutGeneralTest" name="enterValidPaymentDetails" time="3.338"/>
  <testcase classname="Checkout.CheckoutGeneralTest" name="enterAllValidCheckoutDetails" time="4.309"/>
  <testcase classname="Checkout.CheckoutGeneralTest" name="verifyPlaceOrderCanBeClicked" time="5.385"/>
</testsuite> <!-- Checkout.CheckoutGeneralTest -->
