<?xml version="1.0" encoding="UTF-8"?>
<!-- Generated by org.testng.reporters.JUnitReportReporter -->
<testsuite hostname="DESKTOP-LEGR2RP" failures="0" tests="18" name="Login.LoginVerificationTest" time="7.888" errors="0" timestamp="2026-09-12T13:40:42 IST" skipped="0">
  <testcase classname="Login.LoginVerificationTest" name="login_01_loginPageOpens" time="0.370"/>
  <testcase classname="Login.LoginVerificationTest" name="login_07_passwordMasking" time="0.575"/>
  <testcase classname="Login.LoginVerificationTest" name="login_08_loginButton" time="0.352"/>
  <testcase classname="Login.LoginVerificationTest" name="login_17_validEmailAccepted" time="0.411"/>
  <testcase classname="Login.LoginVerificationTest" name="login_18_passwordAcceptsInput" time="0.419"/>
  <testcase classname="Login.LoginVerificationTest" name="login_19_loginPageURL" time="0.347"/>
  <testcase classname="Login.LoginVerificationTest" name="login_20_loginPageTitle" time="0.314"/>
  <testcase classname="Login.LoginVerificationTest" name="login_21_emailFieldAvailable" time="0.353"/>
  <testcase classname="Login.LoginVerificationTest" name="login_22_passwordFieldAvailable" time="0.317"/>
  <testcase classname="Login.LoginVerificationTest" name="login_23_loginButtonAvailable" time="0.344"/>
  <testcase classname="Login.LoginVerificationTest" name="login_41_pageAfterUnsuccessfulLogin" time="0.521"/>
  <testcase classname="Login.LoginVerificationTest" name="login_42_browserRefresh" time="0.687"/>
  <testcase classname="Login.LoginVerificationTest" name="login_43_browserBack" time="0.563"/>
  <testcase classname="Login.LoginVerificationTest" name="login_44_browserForward" time="0.373"/>
  <testcase classname="Login.LoginVerificationTest" name="login_45_multipleLoginAttempts" time="0.741"/>
  <testcase classname="Login.LoginVerificationTest" name="login_46_reopenBrowser" time="0.552"/>
  <testcase classname="Login.LoginVerificationTest" name="login_47_passwordFieldType" time="0.339"/>
  <testcase classname="Login.LoginVerificationTest" name="login_48_emailFieldType" time="0.310"/>
</testsuite> <!-- Login.LoginVerificationTest -->
