<?xml version="1.0" encoding="UTF-8"?>
<!-- Generated by org.testng.reporters.JUnitReportReporter -->
<testsuite hostname="DESKTOP-LEGR2RP" failures="0" tests="20" name="Checkout.CheckoutVerificationTest" time="0.357" errors="0" timestamp="2026-09-12T13:40:42 IST" skipped="0">
  <testcase classname="Checkout.CheckoutVerificationTest" name="verifyCheckoutPageOpened" time="0.006"/>
  <testcase classname="Checkout.CheckoutVerificationTest" name="verifyOrderSummary" time="0.032"/>
  <testcase classname="Checkout.CheckoutVerificationTest" name="verifyProductName" time="0.014"/>
  <testcase classname="Checkout.CheckoutVerificationTest" name="verifyProductPrice" time="0.017"/>
  <testcase classname="Checkout.CheckoutVerificationTest" name="verifyShippingInformation" time="0.014"/>
  <testcase classname="Checkout.CheckoutVerificationTest" name="verifyFirstNameField" time="0.026"/>
  <testcase classname="Checkout.CheckoutVerificationTest" name="verifyLastNameField" time="0.011"/>
  <testcase classname="Checkout.CheckoutVerificationTest" name="verifyEmailField" time="0.026"/>
  <testcase classname="Checkout.CheckoutVerificationTest" name="verifyAddressField" time="0.016"/>
  <testcase classname="Checkout.CheckoutVerificationTest" name="verifyCityField" time="0.022"/>
  <testcase classname="Checkout.CheckoutVerificationTest" name="verifyPostalCodeField" time="0.016"/>
  <testcase classname="Checkout.CheckoutVerificationTest" name="verifyCountryDropdown" time="0.006"/>
  <testcase classname="Checkout.CheckoutVerificationTest" name="verifyUnitedStatesOption" time="0.053"/>
  <testcase classname="Checkout.CheckoutVerificationTest" name="verifyPaymentInformation" time="0.014"/>
  <testcase classname="Checkout.CheckoutVerificationTest" name="verifyCardNumberField" time="0.016"/>
  <testcase classname="Checkout.CheckoutVerificationTest" name="verifyCardHolderNameField" time="0.016"/>
  <testcase classname="Checkout.CheckoutVerificationTest" name="verifyDateField" time="0.015"/>
  <testcase classname="Checkout.CheckoutVerificationTest" name="verifyCVCField" time="0.015"/>
  <testcase classname="Checkout.CheckoutVerificationTest" name="verifyPlaceOrderButton" time="0.014"/>
  <testcase classname="Checkout.CheckoutVerificationTest" name="verifyPlaceOrderButtonEnabled" time="0.008"/>
</testsuite> <!-- Checkout.CheckoutVerificationTest -->
