<?xml version="1.0" encoding="UTF-8"?>
<!-- Generated by org.testng.reporters.JUnitReportReporter -->
<testsuite hostname="DESKTOP-LEGR2RP" failures="0" tests="12" name="Cart.CartFunctionalTest" time="29.228" errors="0" timestamp="2026-09-07T10:11:52 IST" skipped="0">
  <testcase classname="Cart.CartFunctionalTest" name="verifyAddProductToCart" time="1.684"/>
  <testcase classname="Cart.CartFunctionalTest" name="verifyCartNavigation" time="1.648"/>
  <testcase classname="Cart.CartFunctionalTest" name="verifyIncreaseQuantity" time="2.896"/>
  <testcase classname="Cart.CartFunctionalTest" name="verifyDecreaseQuantity" time="3.108"/>
  <testcase classname="Cart.CartFunctionalTest" name="verifyRemoveProduct" time="2.385"/>
  <testcase classname="Cart.CartFunctionalTest" name="verifyMultipleQuantity" time="2.658"/>
  <testcase classname="Cart.CartFunctionalTest" name="verifyTotalItemsUpdate" time="2.245"/>
  <testcase classname="Cart.CartFunctionalTest" name="verifyTotalPriceUpdate" time="2.401"/>
  <testcase classname="Cart.CartFunctionalTest" name="verifyProceedToCheckout" time="2.626"/>
  <testcase classname="Cart.CartFunctionalTest" name="verifyCartSummaryUpdate" time="2.129"/>
  <testcase classname="Cart.CartFunctionalTest" name="verifyCartBecomesEmpty" time="2.654"/>
  <testcase classname="Cart.CartFunctionalTest" name="verifyPriceCalculation" time="2.794"/>
</testsuite> <!-- Cart.CartFunctionalTest -->
