<?xml version="1.0" encoding="UTF-8"?>
<!-- Generated by org.testng.reporters.JUnitReportReporter -->
<testsuite hostname="DESKTOP-LEGR2RP" failures="0" tests="12" name="Cart.CartGeneralTest" time="33.027" errors="0" timestamp="2026-09-12T13:40:42 IST" skipped="0">
  <testcase classname="Cart.CartGeneralTest" name="verifyAddProductToCart" time="4.072"/>
  <testcase classname="Cart.CartGeneralTest" name="verifyCartNavigation" time="1.602"/>
  <testcase classname="Cart.CartGeneralTest" name="verifyIncreaseQuantity" time="1.937"/>
  <testcase classname="Cart.CartGeneralTest" name="verifyDecreaseQuantity" time="4.547"/>
  <testcase classname="Cart.CartGeneralTest" name="verifyRemoveProduct" time="4.207"/>
  <testcase classname="Cart.CartGeneralTest" name="verifyMultipleQuantity" time="3.282"/>
  <testcase classname="Cart.CartGeneralTest" name="verifyTotalItemsUpdate" time="1.911"/>
  <testcase classname="Cart.CartGeneralTest" name="verifyTotalPriceUpdate" time="1.907"/>
  <testcase classname="Cart.CartGeneralTest" name="verifyProceedToCheckout" time="2.664"/>
  <testcase classname="Cart.CartGeneralTest" name="verifyCartSummaryUpdate" time="2.243"/>
  <testcase classname="Cart.CartGeneralTest" name="verifyCartBecomesEmpty" time="2.157"/>
  <testcase classname="Cart.CartGeneralTest" name="verifyPriceCalculation" time="2.498"/>
</testsuite> <!-- Cart.CartGeneralTest -->
