<?xml version="1.0" encoding="UTF-8"?>
<!-- Generated by org.testng.reporters.JUnitReportReporter -->
<testsuite hostname="DESKTOP-LEGR2RP" failures="0" tests="12" name="Home.HomeValidationTest" time="31.388" errors="0" timestamp="2026-09-12T13:40:42 IST" skipped="0">
  <testcase classname="Home.HomeValidationTest" name="validateHomePageURL" time="1.545"/>
  <testcase classname="Home.HomeValidationTest" name="validateHomeHeading" time="1.625"/>
  <testcase classname="Home.HomeValidationTest" name="validateHeroContent" time="2.508"/>
  <testcase classname="Home.HomeValidationTest" name="validateHeroImages" time="9.319"/>
  <testcase classname="Home.HomeValidationTest" name="validateExploreNow" time="3.120"/>
  <testcase classname="Home.HomeValidationTest" name="validateProductImage" time="1.697"/>
  <testcase classname="Home.HomeValidationTest" name="validateProductTitle" time="1.613"/>
  <testcase classname="Home.HomeValidationTest" name="validateProductRating" time="1.697"/>
  <testcase classname="Home.HomeValidationTest" name="validateAddToCartButton" time="1.717"/>
  <testcase classname="Home.HomeValidationTest" name="validateLoginButton" time="1.646"/>
  <testcase classname="Home.HomeValidationTest" name="validateCart" time="1.616"/>
  <testcase classname="Home.HomeValidationTest" name="validateHomeAfterRefresh" time="3.285"/>
</testsuite> <!-- Home.HomeValidationTest -->
