<?xml version="1.0" encoding="UTF-8"?>
<!-- Generated by org.testng.reporters.JUnitReportReporter -->
<testsuite hostname="DESKTOP-LEGR2RP" failures="0" tests="5" name="Wishlist.WishlistFunctionalTest" time="77.732" errors="0" timestamp="2026-09-03T13:34:31 IST" skipped="0">
  <testcase classname="Wishlist.WishlistFunctionalTest" name="addProductToWishlistTest" time="14.694"/>
  <testcase classname="Wishlist.WishlistFunctionalTest" name="verifyProductInWishlistTest" time="15.059"/>
  <testcase classname="Wishlist.WishlistFunctionalTest" name="verifyAddToCartTest" time="14.716"/>
  <testcase classname="Wishlist.WishlistFunctionalTest" name="addWishlistProductToCartTest" time="16.792"/>
  <testcase classname="Wishlist.WishlistFunctionalTest" name="removeProductFromWishlistTest" time="16.471"/>
</testsuite> <!-- Wishlist.WishlistFunctionalTest -->
